Analysis & Synthesis report for Sequential_multiplier
Sun Jun 27 19:53:20 2021
Quartus Prime Version 20.1.0 Build 711 06/05/2020 SJ Lite Edition


---------------------
; Table of Contents ;
---------------------
  1. Legal Notice
  2. Analysis & Synthesis Summary
  3. Analysis & Synthesis Settings
  4. Parallel Compilation
  5. Analysis & Synthesis Source Files Read
  6. Analysis & Synthesis Resource Usage Summary
  7. Analysis & Synthesis Resource Utilization by Entity
  8. Analysis & Synthesis DSP Block Usage Summary
  9. Registers Removed During Synthesis
 10. General Register Statistics
 11. Parameter Settings for Inferred Entity Instance: lpm_mult:Mult0
 12. lpm_mult Parameter Settings by Entity Instance
 13. Post-Synthesis Netlist Statistics for Top Partition
 14. Elapsed Time Per Partition
 15. Analysis & Synthesis Messages



----------------
; Legal Notice ;
----------------
Copyright (C) 2020  Intel Corporation. All rights reserved.
Your use of Intel Corporation's design tools, logic functions 
and other software and tools, and any partner logic 
functions, and any output files from any of the foregoing 
(including device programming or simulation files), and any 
associated documentation or information are expressly subject 
to the terms and conditions of the Intel Program License 
Subscription Agreement, the Intel Quartus Prime License Agreement,
the Intel FPGA IP License Agreement, or other applicable license
agreement, including, without limitation, that your use is for
the sole purpose of programming logic devices manufactured by
Intel and sold by Intel or its authorized distributors.  Please
refer to the applicable agreement for further details, at
https://fpgasoftware.intel.com/eula.



+----------------------------------------------------------------------------------+
; Analysis & Synthesis Summary                                                     ;
+------------------------------------+---------------------------------------------+
; Analysis & Synthesis Status        ; Successful - Sun Jun 27 19:53:20 2021       ;
; Quartus Prime Version              ; 20.1.0 Build 711 06/05/2020 SJ Lite Edition ;
; Revision Name                      ; Sequential_multiplier                       ;
; Top-level Entity Name              ; Sequential_multiplier                       ;
; Family                             ; Cyclone IV E                                ;
; Total logic elements               ; 24                                          ;
;     Total combinational functions  ; 0                                           ;
;     Dedicated logic registers      ; 24                                          ;
; Total registers                    ; 24                                          ;
; Total pins                         ; 73                                          ;
; Total virtual pins                 ; 0                                           ;
; Total memory bits                  ; 0                                           ;
; Embedded Multiplier 9-bit elements ; 2                                           ;
; Total PLLs                         ; 0                                           ;
+------------------------------------+---------------------------------------------+


+------------------------------------------------------------------------------------------------------------------+
; Analysis & Synthesis Settings                                                                                    ;
+------------------------------------------------------------------+-----------------------+-----------------------+
; Option                                                           ; Setting               ; Default Value         ;
+------------------------------------------------------------------+-----------------------+-----------------------+
; Device                                                           ; EP4CE6E22C8L          ;                       ;
; Top-level entity name                                            ; Sequential_multiplier ; Sequential_multiplier ;
; Family name                                                      ; Cyclone IV E          ; Cyclone V             ;
; Use smart compilation                                            ; Off                   ; Off                   ;
; Enable parallel Assembler and Timing Analyzer during compilation ; On                    ; On                    ;
; Enable compact report table                                      ; Off                   ; Off                   ;
; Restructure Multiplexers                                         ; Auto                  ; Auto                  ;
; Create Debugging Nodes for IP Cores                              ; Off                   ; Off                   ;
; Preserve fewer node names                                        ; On                    ; On                    ;
; Intel FPGA IP Evaluation Mode                                    ; Enable                ; Enable                ;
; Verilog Version                                                  ; Verilog_2001          ; Verilog_2001          ;
; VHDL Version                                                     ; VHDL_1993             ; VHDL_1993             ;
; State Machine Processing                                         ; Auto                  ; Auto                  ;
; Safe State Machine                                               ; Off                   ; Off                   ;
; Extract Verilog State Machines                                   ; On                    ; On                    ;
; Extract VHDL State Machines                                      ; On                    ; On                    ;
; Ignore Verilog initial constructs                                ; Off                   ; Off                   ;
; Iteration limit for constant Verilog loops                       ; 5000                  ; 5000                  ;
; Iteration limit for non-constant Verilog loops                   ; 250                   ; 250                   ;
; Add Pass-Through Logic to Inferred RAMs                          ; On                    ; On                    ;
; Infer RAMs from Raw Logic                                        ; On                    ; On                    ;
; Parallel Synthesis                                               ; On                    ; On                    ;
; DSP Block Balancing                                              ; Auto                  ; Auto                  ;
; NOT Gate Push-Back                                               ; On                    ; On                    ;
; Power-Up Don't Care                                              ; On                    ; On                    ;
; Remove Redundant Logic Cells                                     ; Off                   ; Off                   ;
; Remove Duplicate Registers                                       ; On                    ; On                    ;
; Ignore CARRY Buffers                                             ; Off                   ; Off                   ;
; Ignore CASCADE Buffers                                           ; Off                   ; Off                   ;
; Ignore GLOBAL Buffers                                            ; Off                   ; Off                   ;
; Ignore ROW GLOBAL Buffers                                        ; Off                   ; Off                   ;
; Ignore LCELL Buffers                                             ; Off                   ; Off                   ;
; Ignore SOFT Buffers                                              ; On                    ; On                    ;
; Limit AHDL Integers to 32 Bits                                   ; Off                   ; Off                   ;
; Optimization Technique                                           ; Balanced              ; Balanced              ;
; Carry Chain Length                                               ; 70                    ; 70                    ;
; Auto Carry Chains                                                ; On                    ; On                    ;
; Auto Open-Drain Pins                                             ; On                    ; On                    ;
; Perform WYSIWYG Primitive Resynthesis                            ; Off                   ; Off                   ;
; Auto ROM Replacement                                             ; On                    ; On                    ;
; Auto RAM Replacement                                             ; On                    ; On                    ;
; Auto DSP Block Replacement                                       ; On                    ; On                    ;
; Auto Shift Register Replacement                                  ; Auto                  ; Auto                  ;
; Allow Shift Register Merging across Hierarchies                  ; Auto                  ; Auto                  ;
; Auto Clock Enable Replacement                                    ; On                    ; On                    ;
; Strict RAM Replacement                                           ; Off                   ; Off                   ;
; Allow Synchronous Control Signals                                ; On                    ; On                    ;
; Force Use of Synchronous Clear Signals                           ; Off                   ; Off                   ;
; Auto RAM Block Balancing                                         ; On                    ; On                    ;
; Auto RAM to Logic Cell Conversion                                ; Off                   ; Off                   ;
; Auto Resource Sharing                                            ; Off                   ; Off                   ;
; Allow Any RAM Size For Recognition                               ; Off                   ; Off                   ;
; Allow Any ROM Size For Recognition                               ; Off                   ; Off                   ;
; Allow Any Shift Register Size For Recognition                    ; Off                   ; Off                   ;
; Use LogicLock Constraints during Resource Balancing              ; On                    ; On                    ;
; Ignore translate_off and synthesis_off directives                ; Off                   ; Off                   ;
; Timing-Driven Synthesis                                          ; On                    ; On                    ;
; Report Parameter Settings                                        ; On                    ; On                    ;
; Report Source Assignments                                        ; On                    ; On                    ;
; Report Connectivity Checks                                       ; On                    ; On                    ;
; Ignore Maximum Fan-Out Assignments                               ; Off                   ; Off                   ;
; Synchronization Register Chain Length                            ; 2                     ; 2                     ;
; Power Optimization During Synthesis                              ; Normal compilation    ; Normal compilation    ;
; HDL message level                                                ; Level2                ; Level2                ;
; Suppress Register Optimization Related Messages                  ; Off                   ; Off                   ;
; Number of Removed Registers Reported in Synthesis Report         ; 5000                  ; 5000                  ;
; Number of Swept Nodes Reported in Synthesis Report               ; 5000                  ; 5000                  ;
; Number of Inverted Registers Reported in Synthesis Report        ; 100                   ; 100                   ;
; Clock MUX Protection                                             ; On                    ; On                    ;
; Auto Gated Clock Conversion                                      ; Off                   ; Off                   ;
; Block Design Naming                                              ; Auto                  ; Auto                  ;
; SDC constraint protection                                        ; Off                   ; Off                   ;
; Synthesis Effort                                                 ; Auto                  ; Auto                  ;
; Shift Register Replacement - Allow Asynchronous Clear Signal     ; On                    ; On                    ;
; Pre-Mapping Resynthesis Optimization                             ; Off                   ; Off                   ;
; Analysis & Synthesis Message Level                               ; Medium                ; Medium                ;
; Disable Register Merging Across Hierarchies                      ; Auto                  ; Auto                  ;
; Resource Aware Inference For Block RAM                           ; On                    ; On                    ;
+------------------------------------------------------------------+-----------------------+-----------------------+


+------------------------------------------+
; Parallel Compilation                     ;
+----------------------------+-------------+
; Processors                 ; Number      ;
+----------------------------+-------------+
; Number detected on machine ; 4           ;
; Maximum allowed            ; 2           ;
;                            ;             ;
; Average used               ; 1.00        ;
; Maximum used               ; 1           ;
;                            ;             ;
; Usage by Processor         ; % Time Used ;
;     Processor 1            ; 100.0%      ;
+----------------------------+-------------+


+---------------------------------------------------------------------------------------------------------------------------------------------------------------+
; Analysis & Synthesis Source Files Read                                                                                                                        ;
+----------------------------------+-----------------+------------------------------+-----------------------------------------------------------------+---------+
; File Name with User-Entered Path ; Used in Netlist ; File Type                    ; File Name with Absolute Path                                    ; Library ;
+----------------------------------+-----------------+------------------------------+-----------------------------------------------------------------+---------+
; CA_6_part_g.v                    ; yes             ; User Verilog HDL File        ; D:/modelsim_ase/Projects/CA_6_part_g.v                          ;         ;
; lpm_mult.tdf                     ; yes             ; Megafunction                 ; d:/modelsim_ase/quartus/libraries/megafunctions/lpm_mult.tdf    ;         ;
; aglobal201.inc                   ; yes             ; Megafunction                 ; d:/modelsim_ase/quartus/libraries/megafunctions/aglobal201.inc  ;         ;
; lpm_add_sub.inc                  ; yes             ; Megafunction                 ; d:/modelsim_ase/quartus/libraries/megafunctions/lpm_add_sub.inc ;         ;
; multcore.inc                     ; yes             ; Megafunction                 ; d:/modelsim_ase/quartus/libraries/megafunctions/multcore.inc    ;         ;
; bypassff.inc                     ; yes             ; Megafunction                 ; d:/modelsim_ase/quartus/libraries/megafunctions/bypassff.inc    ;         ;
; altshift.inc                     ; yes             ; Megafunction                 ; d:/modelsim_ase/quartus/libraries/megafunctions/altshift.inc    ;         ;
; db/mult_vct.tdf                  ; yes             ; Auto-Generated Megafunction  ; D:/modelsim_ase/Projects/db/mult_vct.tdf                        ;         ;
+----------------------------------+-----------------+------------------------------+-----------------------------------------------------------------+---------+


+-----------------------------------------------------------------------------------------------+
; Analysis & Synthesis Resource Usage Summary                                                   ;
+---------------------------------------------+-------------------------------------------------+
; Resource                                    ; Usage                                           ;
+---------------------------------------------+-------------------------------------------------+
; Estimated Total logic elements              ; 24                                              ;
;                                             ;                                                 ;
; Total combinational functions               ; 0                                               ;
; Logic element usage by number of LUT inputs ;                                                 ;
;     -- 4 input functions                    ; 0                                               ;
;     -- 3 input functions                    ; 0                                               ;
;     -- <=2 input functions                  ; 0                                               ;
;                                             ;                                                 ;
; Logic elements by mode                      ;                                                 ;
;     -- normal mode                          ; 0                                               ;
;     -- arithmetic mode                      ; 0                                               ;
;                                             ;                                                 ;
; Total registers                             ; 24                                              ;
;     -- Dedicated logic registers            ; 24                                              ;
;     -- I/O registers                        ; 0                                               ;
;                                             ;                                                 ;
; I/O pins                                    ; 73                                              ;
;                                             ;                                                 ;
; Embedded Multiplier 9-bit elements          ; 2                                               ;
;                                             ;                                                 ;
; Maximum fan-out node                        ; lpm_mult:Mult0|mult_vct:auto_generated|mac_out2 ;
; Maximum fan-out                             ; 24                                              ;
; Total fan-out                               ; 170                                             ;
; Average fan-out                             ; 0.99                                            ;
+---------------------------------------------+-------------------------------------------------+


+-------------------------------------------------------------------------------------------------------------------------------------------------------------------------------------------------------------------------------------------------------------------+
; Analysis & Synthesis Resource Utilization by Entity                                                                                                                                                                                                               ;
+---------------------------------+---------------------+---------------------------+-------------+--------------+---------+-----------+------+--------------+---------------------------------------------------------------+-----------------------+--------------+
; Compilation Hierarchy Node      ; Combinational ALUTs ; Dedicated Logic Registers ; Memory Bits ; DSP Elements ; DSP 9x9 ; DSP 18x18 ; Pins ; Virtual Pins ; Full Hierarchy Name                                           ; Entity Name           ; Library Name ;
+---------------------------------+---------------------+---------------------------+-------------+--------------+---------+-----------+------+--------------+---------------------------------------------------------------+-----------------------+--------------+
; |Sequential_multiplier          ; 0 (0)               ; 24 (24)                   ; 0           ; 2            ; 0       ; 1         ; 73   ; 0            ; |Sequential_multiplier                                        ; Sequential_multiplier ; work         ;
;    |lpm_mult:Mult0|             ; 0 (0)               ; 0 (0)                     ; 0           ; 2            ; 0       ; 1         ; 0    ; 0            ; |Sequential_multiplier|lpm_mult:Mult0                         ; lpm_mult              ; work         ;
;       |mult_vct:auto_generated| ; 0 (0)               ; 0 (0)                     ; 0           ; 2            ; 0       ; 1         ; 0    ; 0            ; |Sequential_multiplier|lpm_mult:Mult0|mult_vct:auto_generated ; mult_vct              ; work         ;
+---------------------------------+---------------------+---------------------------+-------------+--------------+---------+-----------+------+--------------+---------------------------------------------------------------+-----------------------+--------------+
Note: For table entries with two numbers listed, the numbers in parentheses indicate the number of resources of the given type used by the specific entity alone. The numbers listed outside of parentheses indicate the total resources of the given type used by the specific entity and all of its sub-entities in the hierarchy.


+-----------------------------------------------------+
; Analysis & Synthesis DSP Block Usage Summary        ;
+---------------------------------------+-------------+
; Statistic                             ; Number Used ;
+---------------------------------------+-------------+
; Simple Multipliers (9-bit)            ; 0           ;
; Simple Multipliers (18-bit)           ; 1           ;
; Embedded Multiplier Blocks            ; --          ;
; Embedded Multiplier 9-bit elements    ; 2           ;
; Signed Embedded Multipliers           ; 0           ;
; Unsigned Embedded Multipliers         ; 1           ;
; Mixed Sign Embedded Multipliers       ; 0           ;
; Variable Sign Embedded Multipliers    ; 0           ;
; Dedicated Input Shift Register Chains ; 0           ;
+---------------------------------------+-------------+
Note: number of Embedded Multiplier Blocks used is only available after a successful fit.


+---------------------------------------------------------------------------------+
; Registers Removed During Synthesis                                              ;
+----------------------------------------+----------------------------------------+
; Register name                          ; Reason for Removal                     ;
+----------------------------------------+----------------------------------------+
; done_multplication[0]~reg0             ; Stuck at VCC due to stuck port data_in ;
; done_multplication[1]~reg0             ; Stuck at GND due to stuck port data_in ;
; done_multplication[2]~reg0             ; Stuck at GND due to stuck port data_in ;
; done_multplication[3]~reg0             ; Stuck at GND due to stuck port data_in ;
; done_multplication[4]~reg0             ; Stuck at GND due to stuck port data_in ;
; done_multplication[5]~reg0             ; Stuck at GND due to stuck port data_in ;
; done_multplication[6]~reg0             ; Stuck at GND due to stuck port data_in ;
; done_multplication[7]~reg0             ; Stuck at GND due to stuck port data_in ;
; done_multplication[8]~reg0             ; Stuck at GND due to stuck port data_in ;
; done_multplication[9]~reg0             ; Stuck at GND due to stuck port data_in ;
; done_multplication[10]~reg0            ; Stuck at GND due to stuck port data_in ;
; done_multplication[11]~reg0            ; Stuck at GND due to stuck port data_in ;
; done_multplication[12]~reg0            ; Stuck at GND due to stuck port data_in ;
; done_multplication[13]~reg0            ; Stuck at GND due to stuck port data_in ;
; done_multplication[14]~reg0            ; Stuck at GND due to stuck port data_in ;
; done_multplication[15]~reg0            ; Stuck at GND due to stuck port data_in ;
; done_multplication[16]~reg0            ; Stuck at GND due to stuck port data_in ;
; done_multplication[17]~reg0            ; Stuck at GND due to stuck port data_in ;
; done_multplication[18]~reg0            ; Stuck at GND due to stuck port data_in ;
; done_multplication[19]~reg0            ; Stuck at GND due to stuck port data_in ;
; done_multplication[20]~reg0            ; Stuck at GND due to stuck port data_in ;
; done_multplication[21]~reg0            ; Stuck at GND due to stuck port data_in ;
; done_multplication[22]~reg0            ; Stuck at GND due to stuck port data_in ;
; done_multplication[23]~reg0            ; Stuck at GND due to stuck port data_in ;
; Total Number of Removed Registers = 24 ;                                        ;
+----------------------------------------+----------------------------------------+


+------------------------------------------------------+
; General Register Statistics                          ;
+----------------------------------------------+-------+
; Statistic                                    ; Value ;
+----------------------------------------------+-------+
; Total registers                              ; 24    ;
; Number of registers using Synchronous Clear  ; 0     ;
; Number of registers using Synchronous Load   ; 0     ;
; Number of registers using Asynchronous Clear ; 0     ;
; Number of registers using Asynchronous Load  ; 0     ;
; Number of registers using Clock Enable       ; 0     ;
; Number of registers using Preset             ; 0     ;
+----------------------------------------------+-------+


+-------------------------------------------------------------------------------------+
; Parameter Settings for Inferred Entity Instance: lpm_mult:Mult0                     ;
+------------------------------------------------+--------------+---------------------+
; Parameter Name                                 ; Value        ; Type                ;
+------------------------------------------------+--------------+---------------------+
; AUTO_CARRY_CHAINS                              ; ON           ; AUTO_CARRY          ;
; IGNORE_CARRY_BUFFERS                           ; OFF          ; IGNORE_CARRY        ;
; AUTO_CASCADE_CHAINS                            ; ON           ; AUTO_CASCADE        ;
; IGNORE_CASCADE_BUFFERS                         ; OFF          ; IGNORE_CASCADE      ;
; LPM_WIDTHA                                     ; 12           ; Untyped             ;
; LPM_WIDTHB                                     ; 12           ; Untyped             ;
; LPM_WIDTHP                                     ; 24           ; Untyped             ;
; LPM_WIDTHR                                     ; 24           ; Untyped             ;
; LPM_WIDTHS                                     ; 1            ; Untyped             ;
; LPM_REPRESENTATION                             ; UNSIGNED     ; Untyped             ;
; LPM_PIPELINE                                   ; 0            ; Untyped             ;
; LATENCY                                        ; 0            ; Untyped             ;
; INPUT_A_IS_CONSTANT                            ; NO           ; Untyped             ;
; INPUT_B_IS_CONSTANT                            ; NO           ; Untyped             ;
; USE_EAB                                        ; OFF          ; Untyped             ;
; MAXIMIZE_SPEED                                 ; 5            ; Untyped             ;
; DEVICE_FAMILY                                  ; Cyclone IV E ; Untyped             ;
; CARRY_CHAIN                                    ; MANUAL       ; Untyped             ;
; APEX20K_TECHNOLOGY_MAPPER                      ; LUT          ; TECH_MAPPER_APEX20K ;
; DEDICATED_MULTIPLIER_CIRCUITRY                 ; AUTO         ; Untyped             ;
; DEDICATED_MULTIPLIER_MIN_INPUT_WIDTH_FOR_AUTO  ; 0            ; Untyped             ;
; DEDICATED_MULTIPLIER_MIN_OUTPUT_WIDTH_FOR_AUTO ; 0            ; Untyped             ;
; CBXI_PARAMETER                                 ; mult_vct     ; Untyped             ;
; INPUT_A_FIXED_VALUE                            ; Bx           ; Untyped             ;
; INPUT_B_FIXED_VALUE                            ; Bx           ; Untyped             ;
; USE_AHDL_IMPLEMENTATION                        ; OFF          ; Untyped             ;
+------------------------------------------------+--------------+---------------------+
Note: In order to hide this table in the UI and the text report file, please set the "Show Parameter Settings in Synthesis Report" option in "Analysis and Synthesis Settings -> More Settings" to "Off".


+--------------------------------------------------------+
; lpm_mult Parameter Settings by Entity Instance         ;
+---------------------------------------+----------------+
; Name                                  ; Value          ;
+---------------------------------------+----------------+
; Number of entity instances            ; 1              ;
; Entity Instance                       ; lpm_mult:Mult0 ;
;     -- LPM_WIDTHA                     ; 12             ;
;     -- LPM_WIDTHB                     ; 12             ;
;     -- LPM_WIDTHP                     ; 24             ;
;     -- LPM_REPRESENTATION             ; UNSIGNED       ;
;     -- INPUT_A_IS_CONSTANT            ; NO             ;
;     -- INPUT_B_IS_CONSTANT            ; NO             ;
;     -- USE_EAB                        ; OFF            ;
;     -- DEDICATED_MULTIPLIER_CIRCUITRY ; AUTO           ;
;     -- INPUT_A_FIXED_VALUE            ; Bx             ;
;     -- INPUT_B_FIXED_VALUE            ; Bx             ;
+---------------------------------------+----------------+


+-----------------------------------------------------+
; Post-Synthesis Netlist Statistics for Top Partition ;
+-----------------------+-----------------------------+
; Type                  ; Count                       ;
+-----------------------+-----------------------------+
; boundary_port         ; 73                          ;
; cycloneiii_ff         ; 24                          ;
;     plain             ; 24                          ;
; cycloneiii_lcell_comb ; 2                           ;
;     normal            ; 2                           ;
;         0 data inputs ; 2                           ;
; cycloneiii_mac_mult   ; 1                           ;
; cycloneiii_mac_out    ; 1                           ;
;                       ;                             ;
; Max LUT depth         ; 0.00                        ;
; Average LUT depth     ; 0.00                        ;
+-----------------------+-----------------------------+


+-------------------------------+
; Elapsed Time Per Partition    ;
+----------------+--------------+
; Partition Name ; Elapsed Time ;
+----------------+--------------+
; Top            ; 00:00:01     ;
+----------------+--------------+


+-------------------------------+
; Analysis & Synthesis Messages ;
+-------------------------------+
Info: *******************************************************************
Info: Running Quartus Prime Analysis & Synthesis
    Info: Version 20.1.0 Build 711 06/05/2020 SJ Lite Edition
    Info: Processing started: Sun Jun 27 19:52:59 2021
Info: Command: quartus_map --read_settings_files=on --write_settings_files=off Sequential_multiplier -c Sequential_multiplier
Warning (18236): Number of processors has not been specified which may cause overloading on shared machines.  Set the global assignment NUM_PARALLEL_PROCESSORS in your QSF to an appropriate value for best performance.
Info (20030): Parallel compilation is enabled and will use 2 of the 2 processors detected
Info (12021): Found 1 design units, including 1 entities, in source file ca_6_part_g.v
    Info (12023): Found entity 1: Sequential_multiplier File: D:/modelsim_ase/Projects/CA_6_part_g.v Line: 2
Info (12127): Elaborating entity "Sequential_multiplier" for the top level hierarchy
Info (278001): Inferred 1 megafunctions from design logic
    Info (278003): Inferred multiplier megafunction ("lpm_mult") from the following logic: "Mult0" File: D:/modelsim_ase/Projects/CA_6_part_g.v Line: 5
Info (12130): Elaborated megafunction instantiation "lpm_mult:Mult0" File: D:/modelsim_ase/Projects/CA_6_part_g.v Line: 5
Info (12133): Instantiated megafunction "lpm_mult:Mult0" with the following parameter: File: D:/modelsim_ase/Projects/CA_6_part_g.v Line: 5
    Info (12134): Parameter "LPM_WIDTHA" = "12"
    Info (12134): Parameter "LPM_WIDTHB" = "12"
    Info (12134): Parameter "LPM_WIDTHP" = "24"
    Info (12134): Parameter "LPM_WIDTHR" = "24"
    Info (12134): Parameter "LPM_WIDTHS" = "1"
    Info (12134): Parameter "LPM_REPRESENTATION" = "UNSIGNED"
    Info (12134): Parameter "INPUT_A_IS_CONSTANT" = "NO"
    Info (12134): Parameter "INPUT_B_IS_CONSTANT" = "NO"
    Info (12134): Parameter "MAXIMIZE_SPEED" = "5"
Info (12021): Found 1 design units, including 1 entities, in source file db/mult_vct.tdf
    Info (12023): Found entity 1: mult_vct File: D:/modelsim_ase/Projects/db/mult_vct.tdf Line: 29
Warning (13024): Output pins are stuck at VCC or GND
    Warning (13410): Pin "done_multplication[0]" is stuck at VCC File: D:/modelsim_ase/Projects/CA_6_part_g.v Line: 4
    Warning (13410): Pin "done_multplication[1]" is stuck at GND File: D:/modelsim_ase/Projects/CA_6_part_g.v Line: 4
    Warning (13410): Pin "done_multplication[2]" is stuck at GND File: D:/modelsim_ase/Projects/CA_6_part_g.v Line: 4
    Warning (13410): Pin "done_multplication[3]" is stuck at GND File: D:/modelsim_ase/Projects/CA_6_part_g.v Line: 4
    Warning (13410): Pin "done_multplication[4]" is stuck at GND File: D:/modelsim_ase/Projects/CA_6_part_g.v Line: 4
    Warning (13410): Pin "done_multplication[5]" is stuck at GND File: D:/modelsim_ase/Projects/CA_6_part_g.v Line: 4
    Warning (13410): Pin "done_multplication[6]" is stuck at GND File: D:/modelsim_ase/Projects/CA_6_part_g.v Line: 4
    Warning (13410): Pin "done_multplication[7]" is stuck at GND File: D:/modelsim_ase/Projects/CA_6_part_g.v Line: 4
    Warning (13410): Pin "done_multplication[8]" is stuck at GND File: D:/modelsim_ase/Projects/CA_6_part_g.v Line: 4
    Warning (13410): Pin "done_multplication[9]" is stuck at GND File: D:/modelsim_ase/Projects/CA_6_part_g.v Line: 4
    Warning (13410): Pin "done_multplication[10]" is stuck at GND File: D:/modelsim_ase/Projects/CA_6_part_g.v Line: 4
    Warning (13410): Pin "done_multplication[11]" is stuck at GND File: D:/modelsim_ase/Projects/CA_6_part_g.v Line: 4
    Warning (13410): Pin "done_multplication[12]" is stuck at GND File: D:/modelsim_ase/Projects/CA_6_part_g.v Line: 4
    Warning (13410): Pin "done_multplication[13]" is stuck at GND File: D:/modelsim_ase/Projects/CA_6_part_g.v Line: 4
    Warning (13410): Pin "done_multplication[14]" is stuck at GND File: D:/modelsim_ase/Projects/CA_6_part_g.v Line: 4
    Warning (13410): Pin "done_multplication[15]" is stuck at GND File: D:/modelsim_ase/Projects/CA_6_part_g.v Line: 4
    Warning (13410): Pin "done_multplication[16]" is stuck at GND File: D:/modelsim_ase/Projects/CA_6_part_g.v Line: 4
    Warning (13410): Pin "done_multplication[17]" is stuck at GND File: D:/modelsim_ase/Projects/CA_6_part_g.v Line: 4
    Warning (13410): Pin "done_multplication[18]" is stuck at GND File: D:/modelsim_ase/Projects/CA_6_part_g.v Line: 4
    Warning (13410): Pin "done_multplication[19]" is stuck at GND File: D:/modelsim_ase/Projects/CA_6_part_g.v Line: 4
    Warning (13410): Pin "done_multplication[20]" is stuck at GND File: D:/modelsim_ase/Projects/CA_6_part_g.v Line: 4
    Warning (13410): Pin "done_multplication[21]" is stuck at GND File: D:/modelsim_ase/Projects/CA_6_part_g.v Line: 4
    Warning (13410): Pin "done_multplication[22]" is stuck at GND File: D:/modelsim_ase/Projects/CA_6_part_g.v Line: 4
    Warning (13410): Pin "done_multplication[23]" is stuck at GND File: D:/modelsim_ase/Projects/CA_6_part_g.v Line: 4
Info (286030): Timing-Driven Synthesis is running
Info (16010): Generating hard_block partition "hard_block:auto_generated_inst"
    Info (16011): Adding 0 node(s), including 0 DDIO, 0 PLL, 0 transceiver and 0 LCELL
Info (21057): Implemented 99 device resources after synthesis - the final resource count might be different
    Info (21058): Implemented 25 input pins
    Info (21059): Implemented 48 output pins
    Info (21061): Implemented 24 logic cells
    Info (21062): Implemented 2 DSP elements
Info: Quartus Prime Analysis & Synthesis was successful. 0 errors, 26 warnings
    Info: Peak virtual memory: 594 megabytes
    Info: Processing ended: Sun Jun 27 19:53:20 2021
    Info: Elapsed time: 00:00:21
    Info: Total CPU time (on all processors): 00:00:42


