Analysis & Synthesis report for serial_transmitter
Fri Dec 31 12:06:21 2021
Quartus Prime Version 20.1.0 Build 711 06/05/2020 SJ Lite Edition


---------------------
; Table of Contents ;
---------------------
  1. Legal Notice
  2. Analysis & Synthesis Summary
  3. Analysis & Synthesis Settings
  4. Parallel Compilation
  5. Analysis & Synthesis Messages



----------------
; Legal Notice ;
----------------
Copyright (C) 2020  Intel Corporation. All rights reserved.
Your use of Intel Corporation's design tools, logic functions 
and other software and tools, and any partner logic 
functions, and any output files from any of the foregoing 
(including device programming or simulation files), and any 
associated documentation or information are expressly subject 
to the terms and conditions of the Intel Program License 
Subscription Agreement, the Intel Quartus Prime License Agreement,
the Intel FPGA IP License Agreement, or other applicable license
agreement, including, without limitation, that your use is for
the sole purpose of programming logic devices manufactured by
Intel and sold by Intel or its authorized distributors.  Please
refer to the applicable agreement for further details, at
https://fpgasoftware.intel.com/eula.



+----------------------------------------------------------------------------------+
; Analysis & Synthesis Summary                                                     ;
+------------------------------------+---------------------------------------------+
; Analysis & Synthesis Status        ; Failed - Fri Dec 31 12:06:21 2021           ;
; Quartus Prime Version              ; 20.1.0 Build 711 06/05/2020 SJ Lite Edition ;
; Revision Name                      ; serial_transmitter                          ;
; Top-level Entity Name              ; serial_transmitter                          ;
; Family                             ; Cyclone IV E                                ;
; Total logic elements               ; N/A until Partition Merge                   ;
;     Total combinational functions  ; N/A until Partition Merge                   ;
;     Dedicated logic registers      ; N/A until Partition Merge                   ;
; Total registers                    ; N/A until Partition Merge                   ;
; Total pins                         ; N/A until Partition Merge                   ;
; Total virtual pins                 ; N/A until Partition Merge                   ;
; Total memory bits                  ; N/A until Partition Merge                   ;
; Embedded Multiplier 9-bit elements ; N/A until Partition Merge                   ;
; Total PLLs                         ; N/A until Partition Merge                   ;
+------------------------------------+---------------------------------------------+


+------------------------------------------------------------------------------------------------------------+
; Analysis & Synthesis Settings                                                                              ;
+------------------------------------------------------------------+--------------------+--------------------+
; Option                                                           ; Setting            ; Default Value      ;
+------------------------------------------------------------------+--------------------+--------------------+
; Device                                                           ; EP4CE6E22A7        ;                    ;
; Top-level entity name                                            ; serial_transmitter ; serial_transmitter ;
; Family name                                                      ; Cyclone IV E       ; Cyclone V          ;
; Use smart compilation                                            ; Off                ; Off                ;
; Enable parallel Assembler and Timing Analyzer during compilation ; On                 ; On                 ;
; Enable compact report table                                      ; Off                ; Off                ;
; Restructure Multiplexers                                         ; Auto               ; Auto               ;
; Create Debugging Nodes for IP Cores                              ; Off                ; Off                ;
; Preserve fewer node names                                        ; On                 ; On                 ;
; Intel FPGA IP Evaluation Mode                                    ; Enable             ; Enable             ;
; Verilog Version                                                  ; Verilog_2001       ; Verilog_2001       ;
; VHDL Version                                                     ; VHDL_1993          ; VHDL_1993          ;
; State Machine Processing                                         ; Auto               ; Auto               ;
; Safe State Machine                                               ; Off                ; Off                ;
; Extract Verilog State Machines                                   ; On                 ; On                 ;
; Extract VHDL State Machines                                      ; On                 ; On                 ;
; Ignore Verilog initial constructs                                ; Off                ; Off                ;
; Iteration limit for constant Verilog loops                       ; 5000               ; 5000               ;
; Iteration limit for non-constant Verilog loops                   ; 250                ; 250                ;
; Add Pass-Through Logic to Inferred RAMs                          ; On                 ; On                 ;
; Infer RAMs from Raw Logic                                        ; On                 ; On                 ;
; Parallel Synthesis                                               ; On                 ; On                 ;
; DSP Block Balancing                                              ; Auto               ; Auto               ;
; NOT Gate Push-Back                                               ; On                 ; On                 ;
; Power-Up Don't Care                                              ; On                 ; On                 ;
; Remove Redundant Logic Cells                                     ; Off                ; Off                ;
; Remove Duplicate Registers                                       ; On                 ; On                 ;
; Ignore CARRY Buffers                                             ; Off                ; Off                ;
; Ignore CASCADE Buffers                                           ; Off                ; Off                ;
; Ignore GLOBAL Buffers                                            ; Off                ; Off                ;
; Ignore ROW GLOBAL Buffers                                        ; Off                ; Off                ;
; Ignore LCELL Buffers                                             ; Off                ; Off                ;
; Ignore SOFT Buffers                                              ; On                 ; On                 ;
; Limit AHDL Integers to 32 Bits                                   ; Off                ; Off                ;
; Optimization Technique                                           ; Balanced           ; Balanced           ;
; Carry Chain Length                                               ; 70                 ; 70                 ;
; Auto Carry Chains                                                ; On                 ; On                 ;
; Auto Open-Drain Pins                                             ; On                 ; On                 ;
; Perform WYSIWYG Primitive Resynthesis                            ; Off                ; Off                ;
; Auto ROM Replacement                                             ; On                 ; On                 ;
; Auto RAM Replacement                                             ; On                 ; On                 ;
; Auto DSP Block Replacement                                       ; On                 ; On                 ;
; Auto Shift Register Replacement                                  ; Auto               ; Auto               ;
; Allow Shift Register Merging across Hierarchies                  ; Auto               ; Auto               ;
; Auto Clock Enable Replacement                                    ; On                 ; On                 ;
; Strict RAM Replacement                                           ; Off                ; Off                ;
; Allow Synchronous Control Signals                                ; On                 ; On                 ;
; Force Use of Synchronous Clear Signals                           ; Off                ; Off                ;
; Auto RAM Block Balancing                                         ; On                 ; On                 ;
; Auto RAM to Logic Cell Conversion                                ; Off                ; Off                ;
; Auto Resource Sharing                                            ; Off                ; Off                ;
; Allow Any RAM Size For Recognition                               ; Off                ; Off                ;
; Allow Any ROM Size For Recognition                               ; Off                ; Off                ;
; Allow Any Shift Register Size For Recognition                    ; Off                ; Off                ;
; Use LogicLock Constraints during Resource Balancing              ; On                 ; On                 ;
; Ignore translate_off and synthesis_off directives                ; Off                ; Off                ;
; Timing-Driven Synthesis                                          ; On                 ; On                 ;
; Report Parameter Settings                                        ; On                 ; On                 ;
; Report Source Assignments                                        ; On                 ; On                 ;
; Report Connectivity Checks                                       ; On                 ; On                 ;
; Ignore Maximum Fan-Out Assignments                               ; Off                ; Off                ;
; Synchronization Register Chain Length                            ; 2                  ; 2                  ;
; Power Optimization During Synthesis                              ; Normal compilation ; Normal compilation ;
; HDL message level                                                ; Level2             ; Level2             ;
; Suppress Register Optimization Related Messages                  ; Off                ; Off                ;
; Number of Removed Registers Reported in Synthesis Report         ; 5000               ; 5000               ;
; Number of Swept Nodes Reported in Synthesis Report               ; 5000               ; 5000               ;
; Number of Inverted Registers Reported in Synthesis Report        ; 100                ; 100                ;
; Clock MUX Protection                                             ; On                 ; On                 ;
; Auto Gated Clock Conversion                                      ; Off                ; Off                ;
; Block Design Naming                                              ; Auto               ; Auto               ;
; SDC constraint protection                                        ; Off                ; Off                ;
; Synthesis Effort                                                 ; Auto               ; Auto               ;
; Shift Register Replacement - Allow Asynchronous Clear Signal     ; On                 ; On                 ;
; Pre-Mapping Resynthesis Optimization                             ; Off                ; Off                ;
; Analysis & Synthesis Message Level                               ; Medium             ; Medium             ;
; Disable Register Merging Across Hierarchies                      ; Auto               ; Auto               ;
; Resource Aware Inference For Block RAM                           ; On                 ; On                 ;
+------------------------------------------------------------------+--------------------+--------------------+


+------------------------------------------+
; Parallel Compilation                     ;
+----------------------------+-------------+
; Processors                 ; Number      ;
+----------------------------+-------------+
; Number detected on machine ; 4           ;
; Maximum allowed            ; 2           ;
;                            ;             ;
; Average used               ; 1.00        ;
; Maximum used               ; 1           ;
;                            ;             ;
; Usage by Processor         ; % Time Used ;
;     Processor 1            ; 100.0%      ;
+----------------------------+-------------+


+-------------------------------+
; Analysis & Synthesis Messages ;
+-------------------------------+
Info: *******************************************************************
Info: Running Quartus Prime Analysis & Synthesis
    Info: Version 20.1.0 Build 711 06/05/2020 SJ Lite Edition
    Info: Processing started: Fri Dec 31 12:06:05 2021
Info: Command: quartus_map --read_settings_files=on --write_settings_files=off serial_transmitter -c serial_transmitter
Warning (18236): Number of processors has not been specified which may cause overloading on shared machines.  Set the global assignment NUM_PARALLEL_PROCESSORS in your QSF to an appropriate value for best performance.
Info (20030): Parallel compilation is enabled and will use 2 of the 2 processors detected
Info (12021): Found 1 design units, including 1 entities, in source file behavioral_moore_10110_detector.v
    Info (12023): Found entity 1: behavioral_moore_10110_detector File: D:/modelsim_ase/Projects/behavioral_moore_10110_detector.v Line: 2
Info (12021): Found 1 design units, including 1 entities, in source file serial_transmitter.v
    Info (12023): Found entity 1: serial_transmitter File: D:/modelsim_ase/Projects/serial_transmitter.v Line: 3
Info (12021): Found 2 design units, including 2 entities, in source file mudulo_177_frequency_divide.vo
    Info (12023): Found entity 1: mudulo_177_frequency_divide File: D:/modelsim_ase/Projects/mudulo_177_frequency_divide.vo Line: 32
    Info (12023): Found entity 2: hard_block File: D:/modelsim_ase/Projects/mudulo_177_frequency_divide.vo Line: 701
Info (12127): Elaborating entity "serial_transmitter" for the top level hierarchy
Info (12128): Elaborating entity "behavioral_moore_10110_detector" for hierarchy "behavioral_moore_10110_detector:moore_10110_detector" File: D:/modelsim_ase/Projects/serial_transmitter.v Line: 6
Info (12128): Elaborating entity "mudulo_177_frequency_divide" for hierarchy "mudulo_177_frequency_divide:frequency_divider" File: D:/modelsim_ase/Projects/serial_transmitter.v Line: 7
Warning (10036): Verilog HDL or VHDL warning at mudulo_177_frequency_divide.vo(61): object "unknown" assigned a value but never read File: D:/modelsim_ase/Projects/mudulo_177_frequency_divide.vo Line: 61
Error (12098): Design entity "mudulo_177_frequency_divide" contains illegal names File: D:/modelsim_ase/Projects/serial_transmitter.v Line: 7
    Error (12099): Name "LPM_COUNTER_component|auto_generated|cycloneive_lcell_comb:counter_comb_bita0" File: D:/modelsim_ase/Projects/mudulo_177_frequency_divide.vo Line: 269
    Error (12099): Name "LPM_COUNTER_component|auto_generated|dffeas:counter_reg_bit[0]" File: D:/modelsim_ase/Projects/mudulo_177_frequency_divide.vo Line: 338
    Error (12099): Name "LPM_COUNTER_component|auto_generated|cycloneive_lcell_comb:counter_comb_bita1" File: D:/modelsim_ase/Projects/mudulo_177_frequency_divide.vo Line: 357
    Error (12099): Name "LPM_COUNTER_component|auto_generated|dffeas:counter_reg_bit[1]" File: D:/modelsim_ase/Projects/mudulo_177_frequency_divide.vo Line: 376
    Error (12099): Name "LPM_COUNTER_component|auto_generated|cycloneive_lcell_comb:counter_comb_bita2" File: D:/modelsim_ase/Projects/mudulo_177_frequency_divide.vo Line: 395
    Error (12099): Name "LPM_COUNTER_component|auto_generated|dffeas:counter_reg_bit[2]" File: D:/modelsim_ase/Projects/mudulo_177_frequency_divide.vo Line: 414
    Error (12099): Name "LPM_COUNTER_component|auto_generated|cycloneive_lcell_comb:counter_comb_bita3" File: D:/modelsim_ase/Projects/mudulo_177_frequency_divide.vo Line: 433
    Error (12099): Name "LPM_COUNTER_component|auto_generated|dffeas:counter_reg_bit[3]" File: D:/modelsim_ase/Projects/mudulo_177_frequency_divide.vo Line: 452
    Error (12099): Name "LPM_COUNTER_component|auto_generated|cycloneive_lcell_comb:counter_comb_bita4" File: D:/modelsim_ase/Projects/mudulo_177_frequency_divide.vo Line: 471
    Error (12099): Name "LPM_COUNTER_component|auto_generated|dffeas:counter_reg_bit[4]" File: D:/modelsim_ase/Projects/mudulo_177_frequency_divide.vo Line: 490
    Error (12099): Name "LPM_COUNTER_component|auto_generated|cycloneive_lcell_comb:counter_comb_bita5" File: D:/modelsim_ase/Projects/mudulo_177_frequency_divide.vo Line: 509
    Error (12099): Name "LPM_COUNTER_component|auto_generated|dffeas:counter_reg_bit[5]" File: D:/modelsim_ase/Projects/mudulo_177_frequency_divide.vo Line: 528
    Error (12099): Name "LPM_COUNTER_component|auto_generated|cycloneive_lcell_comb:counter_comb_bita6" File: D:/modelsim_ase/Projects/mudulo_177_frequency_divide.vo Line: 547
    Error (12099): Name "LPM_COUNTER_component|auto_generated|dffeas:counter_reg_bit[6]" File: D:/modelsim_ase/Projects/mudulo_177_frequency_divide.vo Line: 566
    Error (12099): Name "LPM_COUNTER_component|auto_generated|cycloneive_lcell_comb:counter_comb_bita7" File: D:/modelsim_ase/Projects/mudulo_177_frequency_divide.vo Line: 585
    Error (12099): Name "LPM_COUNTER_component|auto_generated|dffeas:counter_reg_bit[7]" File: D:/modelsim_ase/Projects/mudulo_177_frequency_divide.vo Line: 604
    Error (12099): Name "LPM_COUNTER_component|auto_generated|cmpr1|cycloneive_lcell_comb:aneb_result_wire[0]~0" File: D:/modelsim_ase/Projects/mudulo_177_frequency_divide.vo Line: 622
    Error (12099): Name "LPM_COUNTER_component|auto_generated|cmpr1|cycloneive_lcell_comb:aneb_result_wire[0]~1" File: D:/modelsim_ase/Projects/mudulo_177_frequency_divide.vo Line: 640
    Error (12099): Name "LPM_COUNTER_component|auto_generated|cycloneive_lcell_comb:counter_comb_bita7~0" File: D:/modelsim_ase/Projects/mudulo_177_frequency_divide.vo Line: 657
    Error (12099): Name "LPM_COUNTER_component|auto_generated|cycloneive_lcell_comb:cout_actual" File: D:/modelsim_ase/Projects/mudulo_177_frequency_divide.vo Line: 675
    Error (12099): Name "LPM_COUNTER_component|auto_generated|counter_comb_bita0~combout" File: D:/modelsim_ase/Projects/mudulo_177_frequency_divide.vo Line: 85
    Error (12099): Name "LPM_COUNTER_component|auto_generated|counter_comb_bita0~COUT" File: D:/modelsim_ase/Projects/mudulo_177_frequency_divide.vo Line: 90
    Error (12099): Name "LPM_COUNTER_component|auto_generated|counter_comb_bita1~combout" File: D:/modelsim_ase/Projects/mudulo_177_frequency_divide.vo Line: 91
    Error (12099): Name "LPM_COUNTER_component|auto_generated|counter_comb_bita1~COUT" File: D:/modelsim_ase/Projects/mudulo_177_frequency_divide.vo Line: 92
    Error (12099): Name "LPM_COUNTER_component|auto_generated|counter_comb_bita2~combout" File: D:/modelsim_ase/Projects/mudulo_177_frequency_divide.vo Line: 93
    Error (12099): Name "LPM_COUNTER_component|auto_generated|counter_comb_bita2~COUT" File: D:/modelsim_ase/Projects/mudulo_177_frequency_divide.vo Line: 94
    Error (12099): Name "LPM_COUNTER_component|auto_generated|counter_comb_bita3~combout" File: D:/modelsim_ase/Projects/mudulo_177_frequency_divide.vo Line: 95
    Error (12099): Name "LPM_COUNTER_component|auto_generated|counter_comb_bita3~COUT" File: D:/modelsim_ase/Projects/mudulo_177_frequency_divide.vo Line: 96
    Error (12099): Name "LPM_COUNTER_component|auto_generated|counter_comb_bita4~combout" File: D:/modelsim_ase/Projects/mudulo_177_frequency_divide.vo Line: 97
    Error (12099): Name "LPM_COUNTER_component|auto_generated|counter_comb_bita4~COUT" File: D:/modelsim_ase/Projects/mudulo_177_frequency_divide.vo Line: 98
    Error (12099): Name "LPM_COUNTER_component|auto_generated|counter_comb_bita5~combout" File: D:/modelsim_ase/Projects/mudulo_177_frequency_divide.vo Line: 99
    Error (12099): Name "LPM_COUNTER_component|auto_generated|counter_comb_bita5~COUT" File: D:/modelsim_ase/Projects/mudulo_177_frequency_divide.vo Line: 100
    Error (12099): Name "LPM_COUNTER_component|auto_generated|counter_comb_bita6~combout" File: D:/modelsim_ase/Projects/mudulo_177_frequency_divide.vo Line: 101
    Error (12099): Name "LPM_COUNTER_component|auto_generated|counter_comb_bita6~COUT" File: D:/modelsim_ase/Projects/mudulo_177_frequency_divide.vo Line: 102
    Error (12099): Name "LPM_COUNTER_component|auto_generated|counter_comb_bita7~combout" File: D:/modelsim_ase/Projects/mudulo_177_frequency_divide.vo Line: 103
    Error (12099): Name "LPM_COUNTER_component|auto_generated|cmpr1|aneb_result_wire[0]~0_combout" File: D:/modelsim_ase/Projects/mudulo_177_frequency_divide.vo Line: 104
    Error (12099): Name "LPM_COUNTER_component|auto_generated|cmpr1|aneb_result_wire[0]~1_combout" File: D:/modelsim_ase/Projects/mudulo_177_frequency_divide.vo Line: 105
    Error (12099): Name "LPM_COUNTER_component|auto_generated|counter_comb_bita7~COUT" File: D:/modelsim_ase/Projects/mudulo_177_frequency_divide.vo Line: 106
    Error (12099): Name "LPM_COUNTER_component|auto_generated|counter_comb_bita7~0_combout" File: D:/modelsim_ase/Projects/mudulo_177_frequency_divide.vo Line: 107
    Error (12099): Name "LPM_COUNTER_component|auto_generated|cout_actual~combout" File: D:/modelsim_ase/Projects/mudulo_177_frequency_divide.vo Line: 108
    Error (12099): Name "LPM_COUNTER_component|auto_generated|counter_reg_bit[7]~ "
    Error (12099): Name "LPM_COUNTER_component|auto_generated|counter_reg_bit[6]~ "
    Error (12099): Name "LPM_COUNTER_component|auto_generated|counter_reg_bit[5]~ "
    Error (12099): Name "LPM_COUNTER_component|auto_generated|counter_reg_bit[4]~ "
    Error (12099): Name "LPM_COUNTER_component|auto_generated|counter_reg_bit[3]~ "
    Error (12099): Name "LPM_COUNTER_component|auto_generated|counter_reg_bit[2]~ "
    Error (12099): Name "LPM_COUNTER_component|auto_generated|counter_reg_bit[1]~ "
    Error (12099): Name "LPM_COUNTER_component|auto_generated|counter_reg_bit[0]~ "
Error (12152): Can't elaborate user hierarchy "mudulo_177_frequency_divide:frequency_divider" File: D:/modelsim_ase/Projects/serial_transmitter.v Line: 7
Error: Quartus Prime Analysis & Synthesis was unsuccessful. 50 errors, 2 warnings
    Error: Peak virtual memory: 560 megabytes
    Error: Processing ended: Fri Dec 31 12:06:21 2021
    Error: Elapsed time: 00:00:16
    Error: Total CPU time (on all processors): 00:00:39


