Flow report for ExpWrapped
Tue Jun 14 14:51:53 2022
Quartus Prime Version 20.1.0 Build 711 06/05/2020 SJ Lite Edition


---------------------
; Table of Contents ;
---------------------
  1. Legal Notice
  2. Flow Summary
  3. Flow Settings
  4. Flow Non-Default Global Settings
  5. Flow Elapsed Time
  6. Flow OS Summary
  7. Flow Log
  8. Flow Messages
  9. Flow Suppressed Messages



----------------
; Legal Notice ;
----------------
Copyright (C) 2020  Intel Corporation. All rights reserved.
Your use of Intel Corporation's design tools, logic functions 
and other software and tools, and any partner logic 
functions, and any output files from any of the foregoing 
(including device programming or simulation files), and any 
associated documentation or information are expressly subject 
to the terms and conditions of the Intel Program License 
Subscription Agreement, the Intel Quartus Prime License Agreement,
the Intel FPGA IP License Agreement, or other applicable license
agreement, including, without limitation, that your use is for
the sole purpose of programming logic devices manufactured by
Intel and sold by Intel or its authorized distributors.  Please
refer to the applicable agreement for further details, at
https://fpgasoftware.intel.com/eula.



+----------------------------------------------------------------------------------+
; Flow Summary                                                                     ;
+------------------------------------+---------------------------------------------+
; Flow Status                        ; Successful - Tue Jun 14 14:51:53 2022       ;
; Quartus Prime Version              ; 20.1.0 Build 711 06/05/2020 SJ Lite Edition ;
; Revision Name                      ; ExpWrapped                                  ;
; Top-level Entity Name              ; ExpWrapped                                  ;
; Family                             ; Cyclone IV E                                ;
; Total logic elements               ; 167 / 6,272 ( 3 % )                         ;
;     Total combinational functions  ; 164 / 6,272 ( 3 % )                         ;
;     Dedicated logic registers      ; 80 / 6,272 ( 1 % )                          ;
; Total registers                    ; 80                                          ;
; Total pins                         ; 45 / 92 ( 49 % )                            ;
; Total virtual pins                 ; 0                                           ;
; Total memory bits                  ; 512 / 276,480 ( < 1 % )                     ;
; Embedded Multiplier 9-bit elements ; 2 / 30 ( 7 % )                              ;
; Total PLLs                         ; 0 / 2 ( 0 % )                               ;
; Device                             ; EP4CE6E22C6                                 ;
; Timing Models                      ; Final                                       ;
+------------------------------------+---------------------------------------------+


+-----------------------------------------+
; Flow Settings                           ;
+-------------------+---------------------+
; Option            ; Setting             ;
+-------------------+---------------------+
; Start date & time ; 06/14/2022 14:51:16 ;
; Main task         ; Compilation         ;
; Revision Name     ; ExpWrapped          ;
+-------------------+---------------------+


+-----------------------------------------------------------------------------------------------------------------------------+
; Flow Non-Default Global Settings                                                                                            ;
+-------------------------------------+----------------------------------------+---------------+-------------+----------------+
; Assignment Name                     ; Value                                  ; Default Value ; Entity Name ; Section Id     ;
+-------------------------------------+----------------------------------------+---------------+-------------+----------------+
; COMPILER_SIGNATURE_ID               ; 95499403164821.165520207611796         ; --            ; --          ; --             ;
; EDA_OUTPUT_DATA_FORMAT              ; Verilog Hdl                            ; --            ; --          ; eda_simulation ;
; EDA_SIMULATION_TOOL                 ; ModelSim-Altera (Verilog)              ; <None>        ; --          ; --             ;
; MAX_CORE_JUNCTION_TEMP              ; 85                                     ; --            ; --          ; --             ;
; MIN_CORE_JUNCTION_TEMP              ; 0                                      ; --            ; --          ; --             ;
; MISC_FILE                           ; ROM.bsf                                ; --            ; --          ; --             ;
; MISC_FILE                           ; ROM_bb.v                               ; --            ; --          ; --             ;
; MISC_FILE                           ; FIFO_bb.v                              ; --            ; --          ; --             ;
; MISC_FILE                           ; fifo0.bsf                              ; --            ; --          ; --             ;
; MISC_FILE                           ; fifo0_bb.v                             ; --            ; --          ; --             ;
; PARTITION_COLOR                     ; -- (Not supported for targeted family) ; --            ; --          ; Top            ;
; PARTITION_FITTER_PRESERVATION_LEVEL ; -- (Not supported for targeted family) ; --            ; --          ; Top            ;
; PARTITION_NETLIST_TYPE              ; -- (Not supported for targeted family) ; --            ; --          ; Top            ;
; PROJECT_OUTPUT_DIRECTORY            ; output_files                           ; --            ; --          ; --             ;
+-------------------------------------+----------------------------------------+---------------+-------------+----------------+


+--------------------------------------------------------------------------------------------------------------------------+
; Flow Elapsed Time                                                                                                        ;
+----------------------+--------------+-------------------------+---------------------+------------------------------------+
; Module Name          ; Elapsed Time ; Average Processors Used ; Peak Virtual Memory ; Total CPU Time (on all processors) ;
+----------------------+--------------+-------------------------+---------------------+------------------------------------+
; Analysis & Synthesis ; 00:00:19     ; 1.0                     ; 597 MB              ; 00:00:39                           ;
; Fitter               ; 00:00:09     ; 1.0                     ; 1059 MB             ; 00:00:10                           ;
; Assembler            ; 00:00:01     ; 1.0                     ; 549 MB              ; 00:00:01                           ;
; Timing Analyzer      ; 00:00:02     ; 1.0                     ; 612 MB              ; 00:00:03                           ;
; EDA Netlist Writer   ; 00:00:01     ; 1.0                     ; 513 MB              ; 00:00:02                           ;
; Total                ; 00:00:32     ; --                      ; --                  ; 00:00:55                           ;
+----------------------+--------------+-------------------------+---------------------+------------------------------------+


+-----------------------------------------------------------------------------------+
; Flow OS Summary                                                                   ;
+----------------------+------------------+-----------+------------+----------------+
; Module Name          ; Machine Hostname ; OS Name   ; OS Version ; Processor type ;
+----------------------+------------------+-----------+------------+----------------+
; Analysis & Synthesis ; ProBook          ; Windows 8 ; 6.2        ; x86_64         ;
; Fitter               ; ProBook          ; Windows 8 ; 6.2        ; x86_64         ;
; Assembler            ; ProBook          ; Windows 8 ; 6.2        ; x86_64         ;
; Timing Analyzer      ; ProBook          ; Windows 8 ; 6.2        ; x86_64         ;
; EDA Netlist Writer   ; ProBook          ; Windows 8 ; 6.2        ; x86_64         ;
+----------------------+------------------+-----------+------------+----------------+


------------
; Flow Log ;
------------
quartus_map --read_settings_files=on --write_settings_files=off ExpWrapped -c ExpWrapped
quartus_fit --read_settings_files=off --write_settings_files=off ExpWrapped -c ExpWrapped
quartus_asm --read_settings_files=off --write_settings_files=off ExpWrapped -c ExpWrapped
quartus_sta ExpWrapped -c ExpWrapped
quartus_eda --read_settings_files=off --write_settings_files=off ExpWrapped -c ExpWrapped



