Analysis & Synthesis report for ExpWrapped
Tue Jun 14 14:51:34 2022
Quartus Prime Version 20.1.0 Build 711 06/05/2020 SJ Lite Edition


---------------------
; Table of Contents ;
---------------------
  1. Legal Notice
  2. Analysis & Synthesis Summary
  3. Analysis & Synthesis Settings
  4. Parallel Compilation
  5. Analysis & Synthesis Source Files Read
  6. Analysis & Synthesis Resource Usage Summary
  7. Analysis & Synthesis Resource Utilization by Entity
  8. Analysis & Synthesis RAM Summary
  9. Analysis & Synthesis DSP Block Usage Summary
 10. Analysis & Synthesis IP Cores Summary
 11. State Machine - |ExpWrapped|exponential:inst4|controller:control|ps
 12. User-Specified and Inferred Latches
 13. Registers Removed During Synthesis
 14. General Register Statistics
 15. Inverted Register Statistics
 16. Multiplexer Restructuring Statistics (Restructuring Performed)
 17. Source assignments for fifo0:inst3|scfifo:scfifo_component|scfifo_8e41:auto_generated|a_dpfifo_r541:dpfifo|altsyncram_akm1:FIFOram
 18. Source assignments for ROM:inst1|altsyncram:altsyncram_component|altsyncram_n0a1:auto_generated
 19. Parameter Settings for User Entity Instance: Wrapper_CU:inst
 20. Parameter Settings for User Entity Instance: fifo0:inst3|scfifo:scfifo_component
 21. Parameter Settings for User Entity Instance: exponential:inst4|controller:control
 22. Parameter Settings for User Entity Instance: ROM:inst1|altsyncram:altsyncram_component
 23. Parameter Settings for Inferred Entity Instance: exponential:inst4|datapath:dP|multiplier:mult|lpm_mult:Mult0
 24. scfifo Parameter Settings by Entity Instance
 25. altsyncram Parameter Settings by Entity Instance
 26. lpm_mult Parameter Settings by Entity Instance
 27. Port Connectivity Checks: "exponential:inst4|datapath:dP|adder:add"
 28. Port Connectivity Checks: "exponential:inst4|datapath:dP|counter:count"
 29. Post-Synthesis Netlist Statistics for Top Partition
 30. Elapsed Time Per Partition
 31. Analysis & Synthesis Messages
 32. Analysis & Synthesis Suppressed Messages



----------------
; Legal Notice ;
----------------
Copyright (C) 2020  Intel Corporation. All rights reserved.
Your use of Intel Corporation's design tools, logic functions 
and other software and tools, and any partner logic 
functions, and any output files from any of the foregoing 
(including device programming or simulation files), and any 
associated documentation or information are expressly subject 
to the terms and conditions of the Intel Program License 
Subscription Agreement, the Intel Quartus Prime License Agreement,
the Intel FPGA IP License Agreement, or other applicable license
agreement, including, without limitation, that your use is for
the sole purpose of programming logic devices manufactured by
Intel and sold by Intel or its authorized distributors.  Please
refer to the applicable agreement for further details, at
https://fpgasoftware.intel.com/eula.



+----------------------------------------------------------------------------------+
; Analysis & Synthesis Summary                                                     ;
+------------------------------------+---------------------------------------------+
; Analysis & Synthesis Status        ; Successful - Tue Jun 14 14:51:34 2022       ;
; Quartus Prime Version              ; 20.1.0 Build 711 06/05/2020 SJ Lite Edition ;
; Revision Name                      ; ExpWrapped                                  ;
; Top-level Entity Name              ; ExpWrapped                                  ;
; Family                             ; Cyclone IV E                                ;
; Total logic elements               ; 167                                         ;
;     Total combinational functions  ; 164                                         ;
;     Dedicated logic registers      ; 80                                          ;
; Total registers                    ; 80                                          ;
; Total pins                         ; 45                                          ;
; Total virtual pins                 ; 0                                           ;
; Total memory bits                  ; 512                                         ;
; Embedded Multiplier 9-bit elements ; 2                                           ;
; Total PLLs                         ; 0                                           ;
+------------------------------------+---------------------------------------------+


+------------------------------------------------------------------------------------------------------------+
; Analysis & Synthesis Settings                                                                              ;
+------------------------------------------------------------------+--------------------+--------------------+
; Option                                                           ; Setting            ; Default Value      ;
+------------------------------------------------------------------+--------------------+--------------------+
; Top-level entity name                                            ; ExpWrapped         ; ExpWrapped         ;
; Family name                                                      ; Cyclone IV E       ; Cyclone V          ;
; Use smart compilation                                            ; Off                ; Off                ;
; Enable parallel Assembler and Timing Analyzer during compilation ; On                 ; On                 ;
; Enable compact report table                                      ; Off                ; Off                ;
; Restructure Multiplexers                                         ; Auto               ; Auto               ;
; Create Debugging Nodes for IP Cores                              ; Off                ; Off                ;
; Preserve fewer node names                                        ; On                 ; On                 ;
; Intel FPGA IP Evaluation Mode                                    ; Enable             ; Enable             ;
; Verilog Version                                                  ; Verilog_2001       ; Verilog_2001       ;
; VHDL Version                                                     ; VHDL_1993          ; VHDL_1993          ;
; State Machine Processing                                         ; Auto               ; Auto               ;
; Safe State Machine                                               ; Off                ; Off                ;
; Extract Verilog State Machines                                   ; On                 ; On                 ;
; Extract VHDL State Machines                                      ; On                 ; On                 ;
; Ignore Verilog initial constructs                                ; Off                ; Off                ;
; Iteration limit for constant Verilog loops                       ; 5000               ; 5000               ;
; Iteration limit for non-constant Verilog loops                   ; 250                ; 250                ;
; Add Pass-Through Logic to Inferred RAMs                          ; On                 ; On                 ;
; Infer RAMs from Raw Logic                                        ; On                 ; On                 ;
; Parallel Synthesis                                               ; On                 ; On                 ;
; DSP Block Balancing                                              ; Auto               ; Auto               ;
; NOT Gate Push-Back                                               ; On                 ; On                 ;
; Power-Up Don't Care                                              ; On                 ; On                 ;
; Remove Redundant Logic Cells                                     ; Off                ; Off                ;
; Remove Duplicate Registers                                       ; On                 ; On                 ;
; Ignore CARRY Buffers                                             ; Off                ; Off                ;
; Ignore CASCADE Buffers                                           ; Off                ; Off                ;
; Ignore GLOBAL Buffers                                            ; Off                ; Off                ;
; Ignore ROW GLOBAL Buffers                                        ; Off                ; Off                ;
; Ignore LCELL Buffers                                             ; Off                ; Off                ;
; Ignore SOFT Buffers                                              ; On                 ; On                 ;
; Limit AHDL Integers to 32 Bits                                   ; Off                ; Off                ;
; Optimization Technique                                           ; Balanced           ; Balanced           ;
; Carry Chain Length                                               ; 70                 ; 70                 ;
; Auto Carry Chains                                                ; On                 ; On                 ;
; Auto Open-Drain Pins                                             ; On                 ; On                 ;
; Perform WYSIWYG Primitive Resynthesis                            ; Off                ; Off                ;
; Auto ROM Replacement                                             ; On                 ; On                 ;
; Auto RAM Replacement                                             ; On                 ; On                 ;
; Auto DSP Block Replacement                                       ; On                 ; On                 ;
; Auto Shift Register Replacement                                  ; Auto               ; Auto               ;
; Allow Shift Register Merging across Hierarchies                  ; Auto               ; Auto               ;
; Auto Clock Enable Replacement                                    ; On                 ; On                 ;
; Strict RAM Replacement                                           ; Off                ; Off                ;
; Allow Synchronous Control Signals                                ; On                 ; On                 ;
; Force Use of Synchronous Clear Signals                           ; Off                ; Off                ;
; Auto RAM Block Balancing                                         ; On                 ; On                 ;
; Auto RAM to Logic Cell Conversion                                ; Off                ; Off                ;
; Auto Resource Sharing                                            ; Off                ; Off                ;
; Allow Any RAM Size For Recognition                               ; Off                ; Off                ;
; Allow Any ROM Size For Recognition                               ; Off                ; Off                ;
; Allow Any Shift Register Size For Recognition                    ; Off                ; Off                ;
; Use LogicLock Constraints during Resource Balancing              ; On                 ; On                 ;
; Ignore translate_off and synthesis_off directives                ; Off                ; Off                ;
; Timing-Driven Synthesis                                          ; On                 ; On                 ;
; Report Parameter Settings                                        ; On                 ; On                 ;
; Report Source Assignments                                        ; On                 ; On                 ;
; Report Connectivity Checks                                       ; On                 ; On                 ;
; Ignore Maximum Fan-Out Assignments                               ; Off                ; Off                ;
; Synchronization Register Chain Length                            ; 2                  ; 2                  ;
; Power Optimization During Synthesis                              ; Normal compilation ; Normal compilation ;
; HDL message level                                                ; Level2             ; Level2             ;
; Suppress Register Optimization Related Messages                  ; Off                ; Off                ;
; Number of Removed Registers Reported in Synthesis Report         ; 5000               ; 5000               ;
; Number of Swept Nodes Reported in Synthesis Report               ; 5000               ; 5000               ;
; Number of Inverted Registers Reported in Synthesis Report        ; 100                ; 100                ;
; Clock MUX Protection                                             ; On                 ; On                 ;
; Auto Gated Clock Conversion                                      ; Off                ; Off                ;
; Block Design Naming                                              ; Auto               ; Auto               ;
; SDC constraint protection                                        ; Off                ; Off                ;
; Synthesis Effort                                                 ; Auto               ; Auto               ;
; Shift Register Replacement - Allow Asynchronous Clear Signal     ; On                 ; On                 ;
; Pre-Mapping Resynthesis Optimization                             ; Off                ; Off                ;
; Analysis & Synthesis Message Level                               ; Medium             ; Medium             ;
; Disable Register Merging Across Hierarchies                      ; Auto               ; Auto               ;
; Resource Aware Inference For Block RAM                           ; On                 ; On                 ;
+------------------------------------------------------------------+--------------------+--------------------+


+------------------------------------------+
; Parallel Compilation                     ;
+----------------------------+-------------+
; Processors                 ; Number      ;
+----------------------------+-------------+
; Number detected on machine ; 4           ;
; Maximum allowed            ; 2           ;
;                            ;             ;
; Average used               ; 1.00        ;
; Maximum used               ; 2           ;
;                            ;             ;
; Usage by Processor         ; % Time Used ;
;     Processor 1            ; 100.0%      ;
;     Processor 2            ;   0.0%      ;
+----------------------------+-------------+


+-------------------------------------------------------------------------------------------------------------------------------------------------------------------------------------------------------+
; Analysis & Synthesis Source Files Read                                                                                                                                                                ;
+----------------------------------+-----------------+----------------------------------------+-----------------------------------------------------------------------------------------------+---------+
; File Name with User-Entered Path ; Used in Netlist ; File Type                              ; File Name with Absolute Path                                                                  ; Library ;
+----------------------------------+-----------------+----------------------------------------+-----------------------------------------------------------------------------------------------+---------+
; Hexdisplay.v                     ; yes             ; User Verilog HDL File                  ; D:/modelsim_ase/Projects/Arian Mohammad - DLD_Lab_4/Exp_Wrapper/Hexdisplay.v                  ;         ;
; counter10.v                      ; yes             ; User Verilog HDL File                  ; D:/modelsim_ase/Projects/Arian Mohammad - DLD_Lab_4/Exp_Wrapper/counter10.v                   ;         ;
; ../exp codes/register18.v        ; yes             ; User Verilog HDL File                  ; D:/modelsim_ase/Projects/Arian Mohammad - DLD_Lab_4/exp codes/register18.v                    ;         ;
; ../exp codes/register.v          ; yes             ; User Verilog HDL File                  ; D:/modelsim_ase/Projects/Arian Mohammad - DLD_Lab_4/exp codes/register.v                      ;         ;
; ../exp codes/mux2to1.v           ; yes             ; User Verilog HDL File                  ; D:/modelsim_ase/Projects/Arian Mohammad - DLD_Lab_4/exp codes/mux2to1.v                       ;         ;
; ../exp codes/multiplier.v        ; yes             ; User Verilog HDL File                  ; D:/modelsim_ase/Projects/Arian Mohammad - DLD_Lab_4/exp codes/multiplier.v                    ;         ;
; ../exp codes/LUTExp.v            ; yes             ; User Verilog HDL File                  ; D:/modelsim_ase/Projects/Arian Mohammad - DLD_Lab_4/exp codes/LUTExp.v                        ;         ;
; ../exp codes/exponential.v       ; yes             ; User Verilog HDL File                  ; D:/modelsim_ase/Projects/Arian Mohammad - DLD_Lab_4/exp codes/exponential.v                   ;         ;
; ../exp codes/Datapath.v          ; yes             ; User Verilog HDL File                  ; D:/modelsim_ase/Projects/Arian Mohammad - DLD_Lab_4/exp codes/Datapath.v                      ;         ;
; ../exp codes/Counter.v           ; yes             ; User Verilog HDL File                  ; D:/modelsim_ase/Projects/Arian Mohammad - DLD_Lab_4/exp codes/Counter.v                       ;         ;
; ../exp codes/Controller.v        ; yes             ; User Verilog HDL File                  ; D:/modelsim_ase/Projects/Arian Mohammad - DLD_Lab_4/exp codes/Controller.v                    ;         ;
; ../exp codes/adder.v             ; yes             ; User Verilog HDL File                  ; D:/modelsim_ase/Projects/Arian Mohammad - DLD_Lab_4/exp codes/adder.v                         ;         ;
; Wrapper_CU.v                     ; yes             ; User Verilog HDL File                  ; D:/modelsim_ase/Projects/Arian Mohammad - DLD_Lab_4/Exp_Wrapper/Wrapper_CU.v                  ;         ;
; ExpWrapped.bdf                   ; yes             ; User Block Diagram/Schematic File      ; D:/modelsim_ase/Projects/Arian Mohammad - DLD_Lab_4/Exp_Wrapper/ExpWrapped.bdf                ;         ;
; ROM.v                            ; yes             ; User Wizard-Generated File             ; D:/modelsim_ase/Projects/Arian Mohammad - DLD_Lab_4/Exp_Wrapper/ROM.v                         ;         ;
; fifo0.v                          ; yes             ; User Wizard-Generated File             ; D:/modelsim_ase/Projects/Arian Mohammad - DLD_Lab_4/Exp_Wrapper/fifo0.v                       ;         ;
; scfifo.tdf                       ; yes             ; Megafunction                           ; d:/modelsim_ase/quartus/libraries/megafunctions/scfifo.tdf                                    ;         ;
; a_regfifo.inc                    ; yes             ; Megafunction                           ; d:/modelsim_ase/quartus/libraries/megafunctions/a_regfifo.inc                                 ;         ;
; a_dpfifo.inc                     ; yes             ; Megafunction                           ; d:/modelsim_ase/quartus/libraries/megafunctions/a_dpfifo.inc                                  ;         ;
; a_i2fifo.inc                     ; yes             ; Megafunction                           ; d:/modelsim_ase/quartus/libraries/megafunctions/a_i2fifo.inc                                  ;         ;
; a_fffifo.inc                     ; yes             ; Megafunction                           ; d:/modelsim_ase/quartus/libraries/megafunctions/a_fffifo.inc                                  ;         ;
; a_f2fifo.inc                     ; yes             ; Megafunction                           ; d:/modelsim_ase/quartus/libraries/megafunctions/a_f2fifo.inc                                  ;         ;
; aglobal201.inc                   ; yes             ; Megafunction                           ; d:/modelsim_ase/quartus/libraries/megafunctions/aglobal201.inc                                ;         ;
; db/scfifo_8e41.tdf               ; yes             ; Auto-Generated Megafunction            ; D:/modelsim_ase/Projects/Arian Mohammad - DLD_Lab_4/Exp_Wrapper/db/scfifo_8e41.tdf            ;         ;
; db/a_dpfifo_r541.tdf             ; yes             ; Auto-Generated Megafunction            ; D:/modelsim_ase/Projects/Arian Mohammad - DLD_Lab_4/Exp_Wrapper/db/a_dpfifo_r541.tdf          ;         ;
; db/a_fefifo_66f.tdf              ; yes             ; Auto-Generated Megafunction            ; D:/modelsim_ase/Projects/Arian Mohammad - DLD_Lab_4/Exp_Wrapper/db/a_fefifo_66f.tdf           ;         ;
; db/cntr_bo7.tdf                  ; yes             ; Auto-Generated Megafunction            ; D:/modelsim_ase/Projects/Arian Mohammad - DLD_Lab_4/Exp_Wrapper/db/cntr_bo7.tdf               ;         ;
; db/altsyncram_akm1.tdf           ; yes             ; Auto-Generated Megafunction            ; D:/modelsim_ase/Projects/Arian Mohammad - DLD_Lab_4/Exp_Wrapper/db/altsyncram_akm1.tdf        ;         ;
; db/cntr_vnb.tdf                  ; yes             ; Auto-Generated Megafunction            ; D:/modelsim_ase/Projects/Arian Mohammad - DLD_Lab_4/Exp_Wrapper/db/cntr_vnb.tdf               ;         ;
; altsyncram.tdf                   ; yes             ; Megafunction                           ; d:/modelsim_ase/quartus/libraries/megafunctions/altsyncram.tdf                                ;         ;
; stratix_ram_block.inc            ; yes             ; Megafunction                           ; d:/modelsim_ase/quartus/libraries/megafunctions/stratix_ram_block.inc                         ;         ;
; lpm_mux.inc                      ; yes             ; Megafunction                           ; d:/modelsim_ase/quartus/libraries/megafunctions/lpm_mux.inc                                   ;         ;
; lpm_decode.inc                   ; yes             ; Megafunction                           ; d:/modelsim_ase/quartus/libraries/megafunctions/lpm_decode.inc                                ;         ;
; a_rdenreg.inc                    ; yes             ; Megafunction                           ; d:/modelsim_ase/quartus/libraries/megafunctions/a_rdenreg.inc                                 ;         ;
; altrom.inc                       ; yes             ; Megafunction                           ; d:/modelsim_ase/quartus/libraries/megafunctions/altrom.inc                                    ;         ;
; altram.inc                       ; yes             ; Megafunction                           ; d:/modelsim_ase/quartus/libraries/megafunctions/altram.inc                                    ;         ;
; altdpram.inc                     ; yes             ; Megafunction                           ; d:/modelsim_ase/quartus/libraries/megafunctions/altdpram.inc                                  ;         ;
; db/altsyncram_n0a1.tdf           ; yes             ; Auto-Generated Megafunction            ; D:/modelsim_ase/Projects/Arian Mohammad - DLD_Lab_4/Exp_Wrapper/db/altsyncram_n0a1.tdf        ;         ;
; inputs_of_exp_accelerator.txt    ; yes             ; Auto-Found Memory Initialization File  ; D:/modelsim_ase/Projects/Arian Mohammad - DLD_Lab_4/Exp_Wrapper/inputs_of_exp_accelerator.txt ;         ;
; lpm_mult.tdf                     ; yes             ; Megafunction                           ; d:/modelsim_ase/quartus/libraries/megafunctions/lpm_mult.tdf                                  ;         ;
; lpm_add_sub.inc                  ; yes             ; Megafunction                           ; d:/modelsim_ase/quartus/libraries/megafunctions/lpm_add_sub.inc                               ;         ;
; multcore.inc                     ; yes             ; Megafunction                           ; d:/modelsim_ase/quartus/libraries/megafunctions/multcore.inc                                  ;         ;
; bypassff.inc                     ; yes             ; Megafunction                           ; d:/modelsim_ase/quartus/libraries/megafunctions/bypassff.inc                                  ;         ;
; altshift.inc                     ; yes             ; Megafunction                           ; d:/modelsim_ase/quartus/libraries/megafunctions/altshift.inc                                  ;         ;
; db/mult_7dt.tdf                  ; yes             ; Auto-Generated Megafunction            ; D:/modelsim_ase/Projects/Arian Mohammad - DLD_Lab_4/Exp_Wrapper/db/mult_7dt.tdf               ;         ;
+----------------------------------+-----------------+----------------------------------------+-----------------------------------------------------------------------------------------------+---------+


+---------------------------------------------------------+
; Analysis & Synthesis Resource Usage Summary             ;
+---------------------------------------------+-----------+
; Resource                                    ; Usage     ;
+---------------------------------------------+-----------+
; Estimated Total logic elements              ; 167       ;
;                                             ;           ;
; Total combinational functions               ; 164       ;
; Logic element usage by number of LUT inputs ;           ;
;     -- 4 input functions                    ; 47        ;
;     -- 3 input functions                    ; 80        ;
;     -- <=2 input functions                  ; 37        ;
;                                             ;           ;
; Logic elements by mode                      ;           ;
;     -- normal mode                          ; 140       ;
;     -- arithmetic mode                      ; 24        ;
;                                             ;           ;
; Total registers                             ; 80        ;
;     -- Dedicated logic registers            ; 80        ;
;     -- I/O registers                        ; 0         ;
;                                             ;           ;
; I/O pins                                    ; 45        ;
; Total memory bits                           ; 512       ;
;                                             ;           ;
; Embedded Multiplier 9-bit elements          ; 2         ;
;                                             ;           ;
; Maximum fan-out node                        ; clk~input ;
; Maximum fan-out                             ; 112       ;
; Total fan-out                               ; 1194      ;
; Average fan-out                             ; 3.24      ;
+---------------------------------------------+-----------+


+------------------------------------------------------------------------------------------------------------------------------------------------------------------------------------------------------------------------------------------------------------------------------------------------------------------------------------------------------+
; Analysis & Synthesis Resource Utilization by Entity                                                                                                                                                                                                                                                                                                  ;
+-------------------------------------------+---------------------+---------------------------+-------------+--------------+---------+-----------+------+--------------+----------------------------------------------------------------------------------------------------------------------------------------------+-----------------+--------------+
; Compilation Hierarchy Node                ; Combinational ALUTs ; Dedicated Logic Registers ; Memory Bits ; DSP Elements ; DSP 9x9 ; DSP 18x18 ; Pins ; Virtual Pins ; Full Hierarchy Name                                                                                                                          ; Entity Name     ; Library Name ;
+-------------------------------------------+---------------------+---------------------------+-------------+--------------+---------+-----------+------+--------------+----------------------------------------------------------------------------------------------------------------------------------------------+-----------------+--------------+
; |ExpWrapped                               ; 164 (0)             ; 80 (0)                    ; 512         ; 2            ; 0       ; 1         ; 45   ; 0            ; |ExpWrapped                                                                                                                                  ; ExpWrapped      ; work         ;
;    |Hexdisplay:DSP1|                      ; 7 (7)               ; 0 (0)                     ; 0           ; 0            ; 0       ; 0         ; 0    ; 0            ; |ExpWrapped|Hexdisplay:DSP1                                                                                                                  ; Hexdisplay      ; work         ;
;    |Hexdisplay:DSP2|                      ; 7 (7)               ; 0 (0)                     ; 0           ; 0            ; 0       ; 0         ; 0    ; 0            ; |ExpWrapped|Hexdisplay:DSP2                                                                                                                  ; Hexdisplay      ; work         ;
;    |Hexdisplay:DSP3|                      ; 7 (7)               ; 0 (0)                     ; 0           ; 0            ; 0       ; 0         ; 0    ; 0            ; |ExpWrapped|Hexdisplay:DSP3                                                                                                                  ; Hexdisplay      ; work         ;
;    |Hexdisplay:DSP4|                      ; 7 (7)               ; 0 (0)                     ; 0           ; 0            ; 0       ; 0         ; 0    ; 0            ; |ExpWrapped|Hexdisplay:DSP4                                                                                                                  ; Hexdisplay      ; work         ;
;    |ROM:inst1|                            ; 0 (0)               ; 0 (0)                     ; 256         ; 0            ; 0       ; 0         ; 0    ; 0            ; |ExpWrapped|ROM:inst1                                                                                                                        ; ROM             ; work         ;
;       |altsyncram:altsyncram_component|   ; 0 (0)               ; 0 (0)                     ; 256         ; 0            ; 0       ; 0         ; 0    ; 0            ; |ExpWrapped|ROM:inst1|altsyncram:altsyncram_component                                                                                        ; altsyncram      ; work         ;
;          |altsyncram_n0a1:auto_generated| ; 0 (0)               ; 0 (0)                     ; 256         ; 0            ; 0       ; 0         ; 0    ; 0            ; |ExpWrapped|ROM:inst1|altsyncram:altsyncram_component|altsyncram_n0a1:auto_generated                                                         ; altsyncram_n0a1 ; work         ;
;    |Wrapper_CU:inst|                      ; 13 (13)             ; 3 (3)                     ; 0           ; 0            ; 0       ; 0         ; 0    ; 0            ; |ExpWrapped|Wrapper_CU:inst                                                                                                                  ; Wrapper_CU      ; work         ;
;    |counter10:inst2|                      ; 5 (5)               ; 4 (4)                     ; 0           ; 0            ; 0       ; 0         ; 0    ; 0            ; |ExpWrapped|counter10:inst2                                                                                                                  ; counter10       ; work         ;
;    |exponential:inst4|                    ; 97 (0)              ; 59 (0)                    ; 0           ; 2            ; 0       ; 1         ; 0    ; 0            ; |ExpWrapped|exponential:inst4                                                                                                                ; exponential     ; work         ;
;       |controller:control|                ; 4 (4)               ; 7 (7)                     ; 0           ; 0            ; 0       ; 0         ; 0    ; 0            ; |ExpWrapped|exponential:inst4|controller:control                                                                                             ; controller      ; work         ;
;       |datapath:dP|                       ; 93 (0)              ; 52 (0)                    ; 0           ; 2            ; 0       ; 1         ; 0    ; 0            ; |ExpWrapped|exponential:inst4|datapath:dP                                                                                                    ; datapath        ; work         ;
;          |LUT:lut|                        ; 21 (21)             ; 0 (0)                     ; 0           ; 0            ; 0       ; 0         ; 0    ; 0            ; |ExpWrapped|exponential:inst4|datapath:dP|LUT:lut                                                                                            ; LUT             ; work         ;
;          |counter:count|                  ; 5 (5)               ; 4 (4)                     ; 0           ; 0            ; 0       ; 0         ; 0    ; 0            ; |ExpWrapped|exponential:inst4|datapath:dP|counter:count                                                                                      ; counter         ; work         ;
;          |multiplier:mult|                ; 0 (0)               ; 0 (0)                     ; 0           ; 2            ; 0       ; 1         ; 0    ; 0            ; |ExpWrapped|exponential:inst4|datapath:dP|multiplier:mult                                                                                    ; multiplier      ; work         ;
;             |lpm_mult:Mult0|              ; 0 (0)               ; 0 (0)                     ; 0           ; 2            ; 0       ; 1         ; 0    ; 0            ; |ExpWrapped|exponential:inst4|datapath:dP|multiplier:mult|lpm_mult:Mult0                                                                     ; lpm_mult        ; work         ;
;                |mult_7dt:auto_generated|  ; 0 (0)               ; 0 (0)                     ; 0           ; 2            ; 0       ; 1         ; 0    ; 0            ; |ExpWrapped|exponential:inst4|datapath:dP|multiplier:mult|lpm_mult:Mult0|mult_7dt:auto_generated                                             ; mult_7dt        ; work         ;
;          |mux2to1:mux|                    ; 16 (16)             ; 0 (0)                     ; 0           ; 0            ; 0       ; 0         ; 0    ; 0            ; |ExpWrapped|exponential:inst4|datapath:dP|mux2to1:mux                                                                                        ; mux2to1         ; work         ;
;          |register18:rres|                ; 17 (17)             ; 16 (16)                   ; 0           ; 0            ; 0       ; 0         ; 0    ; 0            ; |ExpWrapped|exponential:inst4|datapath:dP|register18:rres                                                                                    ; register18      ; work         ;
;          |register:regx|                  ; 17 (17)             ; 16 (16)                   ; 0           ; 0            ; 0       ; 0         ; 0    ; 0            ; |ExpWrapped|exponential:inst4|datapath:dP|register:regx                                                                                      ; register        ; work         ;
;          |register:rtemp|                 ; 17 (17)             ; 16 (16)                   ; 0           ; 0            ; 0       ; 0         ; 0    ; 0            ; |ExpWrapped|exponential:inst4|datapath:dP|register:rtemp                                                                                     ; register        ; work         ;
;    |fifo0:inst3|                          ; 21 (0)              ; 14 (0)                    ; 256         ; 0            ; 0       ; 0         ; 0    ; 0            ; |ExpWrapped|fifo0:inst3                                                                                                                      ; fifo0           ; work         ;
;       |scfifo:scfifo_component|           ; 21 (0)              ; 14 (0)                    ; 256         ; 0            ; 0       ; 0         ; 0    ; 0            ; |ExpWrapped|fifo0:inst3|scfifo:scfifo_component                                                                                              ; scfifo          ; work         ;
;          |scfifo_8e41:auto_generated|     ; 21 (0)              ; 14 (0)                    ; 256         ; 0            ; 0       ; 0         ; 0    ; 0            ; |ExpWrapped|fifo0:inst3|scfifo:scfifo_component|scfifo_8e41:auto_generated                                                                   ; scfifo_8e41     ; work         ;
;             |a_dpfifo_r541:dpfifo|        ; 21 (2)              ; 14 (0)                    ; 256         ; 0            ; 0       ; 0         ; 0    ; 0            ; |ExpWrapped|fifo0:inst3|scfifo:scfifo_component|scfifo_8e41:auto_generated|a_dpfifo_r541:dpfifo                                              ; a_dpfifo_r541   ; work         ;
;                |a_fefifo_66f:fifo_state|  ; 11 (7)              ; 6 (2)                     ; 0           ; 0            ; 0       ; 0         ; 0    ; 0            ; |ExpWrapped|fifo0:inst3|scfifo:scfifo_component|scfifo_8e41:auto_generated|a_dpfifo_r541:dpfifo|a_fefifo_66f:fifo_state                      ; a_fefifo_66f    ; work         ;
;                   |cntr_bo7:count_usedw|  ; 4 (4)               ; 4 (4)                     ; 0           ; 0            ; 0       ; 0         ; 0    ; 0            ; |ExpWrapped|fifo0:inst3|scfifo:scfifo_component|scfifo_8e41:auto_generated|a_dpfifo_r541:dpfifo|a_fefifo_66f:fifo_state|cntr_bo7:count_usedw ; cntr_bo7        ; work         ;
;                |altsyncram_akm1:FIFOram|  ; 0 (0)               ; 0 (0)                     ; 256         ; 0            ; 0       ; 0         ; 0    ; 0            ; |ExpWrapped|fifo0:inst3|scfifo:scfifo_component|scfifo_8e41:auto_generated|a_dpfifo_r541:dpfifo|altsyncram_akm1:FIFOram                      ; altsyncram_akm1 ; work         ;
;                |cntr_vnb:rd_ptr_count|    ; 4 (4)               ; 4 (4)                     ; 0           ; 0            ; 0       ; 0         ; 0    ; 0            ; |ExpWrapped|fifo0:inst3|scfifo:scfifo_component|scfifo_8e41:auto_generated|a_dpfifo_r541:dpfifo|cntr_vnb:rd_ptr_count                        ; cntr_vnb        ; work         ;
;                |cntr_vnb:wr_ptr|          ; 4 (4)               ; 4 (4)                     ; 0           ; 0            ; 0       ; 0         ; 0    ; 0            ; |ExpWrapped|fifo0:inst3|scfifo:scfifo_component|scfifo_8e41:auto_generated|a_dpfifo_r541:dpfifo|cntr_vnb:wr_ptr                              ; cntr_vnb        ; work         ;
+-------------------------------------------+---------------------+---------------------------+-------------+--------------+---------+-----------+------+--------------+----------------------------------------------------------------------------------------------------------------------------------------------+-----------------+--------------+
Note: For table entries with two numbers listed, the numbers in parentheses indicate the number of resources of the given type used by the specific entity alone. The numbers listed outside of parentheses indicate the total resources of the given type used by the specific entity and all of its sub-entities in the hierarchy.


+-----------------------------------------------------------------------------------------------------------------------------------------------------------------------------------------------------------------------------------------------------+
; Analysis & Synthesis RAM Summary                                                                                                                                                                                                                    ;
+------------------------------------------------------------------------------------------------------------------------+------+------------------+--------------+--------------+--------------+--------------+------+-------------------------------+
; Name                                                                                                                   ; Type ; Mode             ; Port A Depth ; Port A Width ; Port B Depth ; Port B Width ; Size ; MIF                           ;
+------------------------------------------------------------------------------------------------------------------------+------+------------------+--------------+--------------+--------------+--------------+------+-------------------------------+
; ROM:inst1|altsyncram:altsyncram_component|altsyncram_n0a1:auto_generated|ALTSYNCRAM                                    ; AUTO ; ROM              ; 256          ; 16           ; --           ; --           ; 4096 ; inputs_of_exp_accelerator.txt ;
; fifo0:inst3|scfifo:scfifo_component|scfifo_8e41:auto_generated|a_dpfifo_r541:dpfifo|altsyncram_akm1:FIFOram|ALTSYNCRAM ; AUTO ; Simple Dual Port ; 16           ; 18           ; 16           ; 18           ; 288  ; None                          ;
+------------------------------------------------------------------------------------------------------------------------+------+------------------+--------------+--------------+--------------+--------------+------+-------------------------------+


+-----------------------------------------------------+
; Analysis & Synthesis DSP Block Usage Summary        ;
+---------------------------------------+-------------+
; Statistic                             ; Number Used ;
+---------------------------------------+-------------+
; Simple Multipliers (9-bit)            ; 0           ;
; Simple Multipliers (18-bit)           ; 1           ;
; Embedded Multiplier Blocks            ; --          ;
; Embedded Multiplier 9-bit elements    ; 2           ;
; Signed Embedded Multipliers           ; 0           ;
; Unsigned Embedded Multipliers         ; 1           ;
; Mixed Sign Embedded Multipliers       ; 0           ;
; Variable Sign Embedded Multipliers    ; 0           ;
; Dedicated Input Shift Register Chains ; 0           ;
+---------------------------------------+-------------+
Note: number of Embedded Multiplier Blocks used is only available after a successful fit.


+-----------------------------------------------------------------------------------------------------------+
; Analysis & Synthesis IP Cores Summary                                                                     ;
+--------+--------------+---------+--------------+--------------+-------------------------+-----------------+
; Vendor ; IP Core Name ; Version ; Release Date ; License Type ; Entity Instance         ; IP Include File ;
+--------+--------------+---------+--------------+--------------+-------------------------+-----------------+
; Altera ; ROM: 1-PORT  ; 20.1    ; N/A          ; N/A          ; |ExpWrapped|ROM:inst1   ; ROM.v           ;
; Altera ; FIFO         ; 12.1    ; N/A          ; N/A          ; |ExpWrapped|fifo0:inst3 ; fifo0.v         ;
+--------+--------------+---------+--------------+--------------+-------------------------+-----------------+


Encoding Type:  One-Hot
+--------------------------------------------------------------------------------------------------------+
; State Machine - |ExpWrapped|exponential:inst4|controller:control|ps                                    ;
+-------------------+------------+--------+----------+----------+----------+-------------------+---------+
; Name              ; ps.setdone ; ps.Add ; ps.Mult2 ; ps.Mult1 ; ps.Begin ; ps.Initialization ; ps.Idle ;
+-------------------+------------+--------+----------+----------+----------+-------------------+---------+
; ps.Idle           ; 0          ; 0      ; 0        ; 0        ; 0        ; 0                 ; 0       ;
; ps.Initialization ; 0          ; 0      ; 0        ; 0        ; 0        ; 1                 ; 1       ;
; ps.Begin          ; 0          ; 0      ; 0        ; 0        ; 1        ; 0                 ; 1       ;
; ps.Mult1          ; 0          ; 0      ; 0        ; 1        ; 0        ; 0                 ; 1       ;
; ps.Mult2          ; 0          ; 0      ; 1        ; 0        ; 0        ; 0                 ; 1       ;
; ps.Add            ; 0          ; 1      ; 0        ; 0        ; 0        ; 0                 ; 1       ;
; ps.setdone        ; 1          ; 0      ; 0        ; 0        ; 0        ; 0                 ; 1       ;
+-------------------+------------+--------+----------+----------+----------+-------------------+---------+


+-----------------------------------------------------------------------------------------------------------------------------------+
; User-Specified and Inferred Latches                                                                                               ;
+-----------------------------------------------------+----------------------------------------------------+------------------------+
; Latch Name                                          ; Latch Enable Signal                                ; Free of Timing Hazards ;
+-----------------------------------------------------+----------------------------------------------------+------------------------+
; exponential:inst4|datapath:dP|LUT:lut|datat[0]      ; exponential:inst4|datapath:dP|counter:count|out[3] ; yes                    ;
; exponential:inst4|datapath:dP|LUT:lut|datat[1]      ; exponential:inst4|datapath:dP|counter:count|out[3] ; yes                    ;
; exponential:inst4|datapath:dP|LUT:lut|datat[2]      ; exponential:inst4|datapath:dP|counter:count|out[3] ; yes                    ;
; exponential:inst4|datapath:dP|LUT:lut|datat[3]      ; exponential:inst4|datapath:dP|counter:count|out[3] ; yes                    ;
; exponential:inst4|datapath:dP|LUT:lut|datat[4]      ; exponential:inst4|datapath:dP|counter:count|out[3] ; yes                    ;
; exponential:inst4|datapath:dP|LUT:lut|datat[5]      ; exponential:inst4|datapath:dP|counter:count|out[3] ; yes                    ;
; exponential:inst4|datapath:dP|LUT:lut|datat[6]      ; exponential:inst4|datapath:dP|counter:count|out[3] ; yes                    ;
; exponential:inst4|datapath:dP|LUT:lut|datat[7]      ; exponential:inst4|datapath:dP|counter:count|out[3] ; yes                    ;
; exponential:inst4|datapath:dP|LUT:lut|datat[8]      ; exponential:inst4|datapath:dP|counter:count|out[3] ; yes                    ;
; exponential:inst4|datapath:dP|LUT:lut|datat[9]      ; exponential:inst4|datapath:dP|counter:count|out[3] ; yes                    ;
; exponential:inst4|datapath:dP|LUT:lut|datat[10]     ; exponential:inst4|datapath:dP|counter:count|out[3] ; yes                    ;
; exponential:inst4|datapath:dP|LUT:lut|datat[11]     ; exponential:inst4|datapath:dP|counter:count|out[3] ; yes                    ;
; exponential:inst4|datapath:dP|LUT:lut|datat[12]     ; exponential:inst4|datapath:dP|counter:count|out[3] ; yes                    ;
; exponential:inst4|datapath:dP|LUT:lut|datat[13]     ; exponential:inst4|datapath:dP|counter:count|out[3] ; yes                    ;
; exponential:inst4|datapath:dP|LUT:lut|datat[14]     ; exponential:inst4|datapath:dP|counter:count|out[3] ; yes                    ;
; exponential:inst4|datapath:dP|LUT:lut|datat[15]     ; exponential:inst4|datapath:dP|counter:count|out[3] ; yes                    ;
; Number of user-specified and inferred latches = 16  ;                                                    ;                        ;
+-----------------------------------------------------+----------------------------------------------------+------------------------+
Note: All latches listed above may not be present at the end of synthesis due to various synthesis optimizations.


+---------------------------------------------------------------------------------+
; Registers Removed During Synthesis                                              ;
+------------------------------------------------------------+--------------------+
; Register name                                              ; Reason for Removal ;
+------------------------------------------------------------+--------------------+
; exponential:inst4|controller:control|ps~4                  ; Lost fanout        ;
; exponential:inst4|controller:control|ps~5                  ; Lost fanout        ;
; exponential:inst4|controller:control|ps~6                  ; Lost fanout        ;
; exponential:inst4|datapath:dP|register18:rres|r_out[16,17] ; Lost fanout        ;
; Total Number of Removed Registers = 5                      ;                    ;
+------------------------------------------------------------+--------------------+


+------------------------------------------------------+
; General Register Statistics                          ;
+----------------------------------------------+-------+
; Statistic                                    ; Value ;
+----------------------------------------------+-------+
; Total registers                              ; 80    ;
; Number of registers using Synchronous Clear  ; 2     ;
; Number of registers using Synchronous Load   ; 16    ;
; Number of registers using Asynchronous Clear ; 66    ;
; Number of registers using Asynchronous Load  ; 0     ;
; Number of registers using Clock Enable       ; 67    ;
; Number of registers using Preset             ; 0     ;
+----------------------------------------------+-------+


+--------------------------------------------------+
; Inverted Register Statistics                     ;
+----------------------------------------+---------+
; Inverted Register                      ; Fan out ;
+----------------------------------------+---------+
; Wrapper_CU:inst|ps[0]                  ; 13      ;
; Total number of inverted registers = 1 ;         ;
+----------------------------------------+---------+


+----------------------------------------------------------------------------------------------------------------------------------------------------------------------------------+
; Multiplexer Restructuring Statistics (Restructuring Performed)                                                                                                                   ;
+--------------------+-----------+---------------+----------------------+------------------------+------------+--------------------------------------------------------------------+
; Multiplexer Inputs ; Bus Width ; Baseline Area ; Area if Restructured ; Saving if Restructured ; Registered ; Example Multiplexer Output                                         ;
+--------------------+-----------+---------------+----------------------+------------------------+------------+--------------------------------------------------------------------+
; 3:1                ; 16 bits   ; 32 LEs        ; 16 LEs               ; 16 LEs                 ; Yes        ; |ExpWrapped|exponential:inst4|datapath:dP|register:regx|r_out[10]  ;
; 3:1                ; 4 bits    ; 8 LEs         ; 4 LEs                ; 4 LEs                  ; Yes        ; |ExpWrapped|exponential:inst4|datapath:dP|counter:count|out[3]     ;
; 3:1                ; 18 bits   ; 36 LEs        ; 18 LEs               ; 18 LEs                 ; Yes        ; |ExpWrapped|exponential:inst4|datapath:dP|register18:rres|r_out[2] ;
; 4:1                ; 16 bits   ; 32 LEs        ; 32 LEs               ; 0 LEs                  ; Yes        ; |ExpWrapped|exponential:inst4|datapath:dP|register:rtemp|r_out[11] ;
+--------------------+-----------+---------------+----------------------+------------------------+------------+--------------------------------------------------------------------+


+------------------------------------------------------------------------------------------------------------------------------------+
; Source assignments for fifo0:inst3|scfifo:scfifo_component|scfifo_8e41:auto_generated|a_dpfifo_r541:dpfifo|altsyncram_akm1:FIFOram ;
+---------------------------------+--------------------+------+----------------------------------------------------------------------+
; Assignment                      ; Value              ; From ; To                                                                   ;
+---------------------------------+--------------------+------+----------------------------------------------------------------------+
; OPTIMIZE_POWER_DURING_SYNTHESIS ; NORMAL_COMPILATION ; -    ; -                                                                    ;
+---------------------------------+--------------------+------+----------------------------------------------------------------------+


+-------------------------------------------------------------------------------------------------+
; Source assignments for ROM:inst1|altsyncram:altsyncram_component|altsyncram_n0a1:auto_generated ;
+---------------------------------+--------------------+------+-----------------------------------+
; Assignment                      ; Value              ; From ; To                                ;
+---------------------------------+--------------------+------+-----------------------------------+
; OPTIMIZE_POWER_DURING_SYNTHESIS ; NORMAL_COMPILATION ; -    ; -                                 ;
+---------------------------------+--------------------+------+-----------------------------------+


+--------------------------------------------------------------+
; Parameter Settings for User Entity Instance: Wrapper_CU:inst ;
+----------------+-------+-------------------------------------+
; Parameter Name ; Value ; Type                                ;
+----------------+-------+-------------------------------------+
; Idle           ; 001   ; Unsigned Binary                     ;
; Init           ; 010   ; Unsigned Binary                     ;
; StartComp      ; 011   ; Unsigned Binary                     ;
; WaitComp       ; 100   ; Unsigned Binary                     ;
; WaitWrite      ; 101   ; Unsigned Binary                     ;
; WaitSw1        ; 110   ; Unsigned Binary                     ;
; ReadReq        ; 111   ; Unsigned Binary                     ;
; WaitSw0        ; 000   ; Unsigned Binary                     ;
+----------------+-------+-------------------------------------+
Note: In order to hide this table in the UI and the text report file, please set the "Show Parameter Settings in Synthesis Report" option in "Analysis and Synthesis Settings -> More Settings" to "Off".


+----------------------------------------------------------------------------------+
; Parameter Settings for User Entity Instance: fifo0:inst3|scfifo:scfifo_component ;
+-------------------------+--------------+-----------------------------------------+
; Parameter Name          ; Value        ; Type                                    ;
+-------------------------+--------------+-----------------------------------------+
; AUTO_CARRY_CHAINS       ; ON           ; AUTO_CARRY                              ;
; IGNORE_CARRY_BUFFERS    ; OFF          ; IGNORE_CARRY                            ;
; AUTO_CASCADE_CHAINS     ; ON           ; AUTO_CASCADE                            ;
; IGNORE_CASCADE_BUFFERS  ; OFF          ; IGNORE_CASCADE                          ;
; lpm_width               ; 18           ; Signed Integer                          ;
; LPM_NUMWORDS            ; 16           ; Signed Integer                          ;
; LPM_WIDTHU              ; 4            ; Signed Integer                          ;
; LPM_SHOWAHEAD           ; OFF          ; Untyped                                 ;
; UNDERFLOW_CHECKING      ; ON           ; Untyped                                 ;
; OVERFLOW_CHECKING       ; ON           ; Untyped                                 ;
; ALLOW_RWCYCLE_WHEN_FULL ; OFF          ; Untyped                                 ;
; ADD_RAM_OUTPUT_REGISTER ; OFF          ; Untyped                                 ;
; ALMOST_FULL_VALUE       ; 0            ; Untyped                                 ;
; ALMOST_EMPTY_VALUE      ; 0            ; Untyped                                 ;
; ENABLE_ECC              ; FALSE        ; Untyped                                 ;
; USE_EAB                 ; ON           ; Untyped                                 ;
; MAXIMIZE_SPEED          ; 5            ; Untyped                                 ;
; DEVICE_FAMILY           ; Cyclone IV E ; Untyped                                 ;
; OPTIMIZE_FOR_SPEED      ; 5            ; Untyped                                 ;
; CBXI_PARAMETER          ; scfifo_8e41  ; Untyped                                 ;
+-------------------------+--------------+-----------------------------------------+
Note: In order to hide this table in the UI and the text report file, please set the "Show Parameter Settings in Synthesis Report" option in "Analysis and Synthesis Settings -> More Settings" to "Off".


+-----------------------------------------------------------------------------------+
; Parameter Settings for User Entity Instance: exponential:inst4|controller:control ;
+----------------+-------+----------------------------------------------------------+
; Parameter Name ; Value ; Type                                                     ;
+----------------+-------+----------------------------------------------------------+
; Idle           ; 000   ; Unsigned Binary                                          ;
; Initialization ; 001   ; Unsigned Binary                                          ;
; Begin          ; 010   ; Unsigned Binary                                          ;
; Mult1          ; 011   ; Unsigned Binary                                          ;
; Mult2          ; 100   ; Unsigned Binary                                          ;
; Add            ; 101   ; Unsigned Binary                                          ;
; setdone        ; 110   ; Unsigned Binary                                          ;
+----------------+-------+----------------------------------------------------------+
Note: In order to hide this table in the UI and the text report file, please set the "Show Parameter Settings in Synthesis Report" option in "Analysis and Synthesis Settings -> More Settings" to "Off".


+----------------------------------------------------------------------------------------+
; Parameter Settings for User Entity Instance: ROM:inst1|altsyncram:altsyncram_component ;
+------------------------------------+-------------------------------+-------------------+
; Parameter Name                     ; Value                         ; Type              ;
+------------------------------------+-------------------------------+-------------------+
; BYTE_SIZE_BLOCK                    ; 8                             ; Untyped           ;
; AUTO_CARRY_CHAINS                  ; ON                            ; AUTO_CARRY        ;
; IGNORE_CARRY_BUFFERS               ; OFF                           ; IGNORE_CARRY      ;
; AUTO_CASCADE_CHAINS                ; ON                            ; AUTO_CASCADE      ;
; IGNORE_CASCADE_BUFFERS             ; OFF                           ; IGNORE_CASCADE    ;
; WIDTH_BYTEENA                      ; 1                             ; Untyped           ;
; OPERATION_MODE                     ; ROM                           ; Untyped           ;
; WIDTH_A                            ; 16                            ; Signed Integer    ;
; WIDTHAD_A                          ; 8                             ; Signed Integer    ;
; NUMWORDS_A                         ; 256                           ; Signed Integer    ;
; OUTDATA_REG_A                      ; UNREGISTERED                  ; Untyped           ;
; ADDRESS_ACLR_A                     ; NONE                          ; Untyped           ;
; OUTDATA_ACLR_A                     ; NONE                          ; Untyped           ;
; WRCONTROL_ACLR_A                   ; NONE                          ; Untyped           ;
; INDATA_ACLR_A                      ; NONE                          ; Untyped           ;
; BYTEENA_ACLR_A                     ; NONE                          ; Untyped           ;
; WIDTH_B                            ; 1                             ; Untyped           ;
; WIDTHAD_B                          ; 1                             ; Untyped           ;
; NUMWORDS_B                         ; 1                             ; Untyped           ;
; INDATA_REG_B                       ; CLOCK1                        ; Untyped           ;
; WRCONTROL_WRADDRESS_REG_B          ; CLOCK1                        ; Untyped           ;
; RDCONTROL_REG_B                    ; CLOCK1                        ; Untyped           ;
; ADDRESS_REG_B                      ; CLOCK1                        ; Untyped           ;
; OUTDATA_REG_B                      ; UNREGISTERED                  ; Untyped           ;
; BYTEENA_REG_B                      ; CLOCK1                        ; Untyped           ;
; INDATA_ACLR_B                      ; NONE                          ; Untyped           ;
; WRCONTROL_ACLR_B                   ; NONE                          ; Untyped           ;
; ADDRESS_ACLR_B                     ; NONE                          ; Untyped           ;
; OUTDATA_ACLR_B                     ; NONE                          ; Untyped           ;
; RDCONTROL_ACLR_B                   ; NONE                          ; Untyped           ;
; BYTEENA_ACLR_B                     ; NONE                          ; Untyped           ;
; WIDTH_BYTEENA_A                    ; 1                             ; Signed Integer    ;
; WIDTH_BYTEENA_B                    ; 1                             ; Untyped           ;
; RAM_BLOCK_TYPE                     ; AUTO                          ; Untyped           ;
; BYTE_SIZE                          ; 8                             ; Untyped           ;
; READ_DURING_WRITE_MODE_MIXED_PORTS ; DONT_CARE                     ; Untyped           ;
; READ_DURING_WRITE_MODE_PORT_A      ; NEW_DATA_NO_NBE_READ          ; Untyped           ;
; READ_DURING_WRITE_MODE_PORT_B      ; NEW_DATA_NO_NBE_READ          ; Untyped           ;
; INIT_FILE                          ; inputs_of_exp_accelerator.txt ; Untyped           ;
; INIT_FILE_LAYOUT                   ; PORT_A                        ; Untyped           ;
; MAXIMUM_DEPTH                      ; 0                             ; Untyped           ;
; CLOCK_ENABLE_INPUT_A               ; BYPASS                        ; Untyped           ;
; CLOCK_ENABLE_INPUT_B               ; NORMAL                        ; Untyped           ;
; CLOCK_ENABLE_OUTPUT_A              ; BYPASS                        ; Untyped           ;
; CLOCK_ENABLE_OUTPUT_B              ; NORMAL                        ; Untyped           ;
; CLOCK_ENABLE_CORE_A                ; USE_INPUT_CLKEN               ; Untyped           ;
; CLOCK_ENABLE_CORE_B                ; USE_INPUT_CLKEN               ; Untyped           ;
; ENABLE_ECC                         ; FALSE                         ; Untyped           ;
; ECC_PIPELINE_STAGE_ENABLED         ; FALSE                         ; Untyped           ;
; WIDTH_ECCSTATUS                    ; 3                             ; Untyped           ;
; DEVICE_FAMILY                      ; Cyclone IV E                  ; Untyped           ;
; CBXI_PARAMETER                     ; altsyncram_n0a1               ; Untyped           ;
+------------------------------------+-------------------------------+-------------------+
Note: In order to hide this table in the UI and the text report file, please set the "Show Parameter Settings in Synthesis Report" option in "Analysis and Synthesis Settings -> More Settings" to "Off".


+---------------------------------------------------------------------------------------------------------------+
; Parameter Settings for Inferred Entity Instance: exponential:inst4|datapath:dP|multiplier:mult|lpm_mult:Mult0 ;
+------------------------------------------------+--------------+-----------------------------------------------+
; Parameter Name                                 ; Value        ; Type                                          ;
+------------------------------------------------+--------------+-----------------------------------------------+
; AUTO_CARRY_CHAINS                              ; ON           ; AUTO_CARRY                                    ;
; IGNORE_CARRY_BUFFERS                           ; OFF          ; IGNORE_CARRY                                  ;
; AUTO_CASCADE_CHAINS                            ; ON           ; AUTO_CASCADE                                  ;
; IGNORE_CASCADE_BUFFERS                         ; OFF          ; IGNORE_CASCADE                                ;
; LPM_WIDTHA                                     ; 16           ; Untyped                                       ;
; LPM_WIDTHB                                     ; 16           ; Untyped                                       ;
; LPM_WIDTHP                                     ; 32           ; Untyped                                       ;
; LPM_WIDTHR                                     ; 32           ; Untyped                                       ;
; LPM_WIDTHS                                     ; 1            ; Untyped                                       ;
; LPM_REPRESENTATION                             ; UNSIGNED     ; Untyped                                       ;
; LPM_PIPELINE                                   ; 0            ; Untyped                                       ;
; LATENCY                                        ; 0            ; Untyped                                       ;
; INPUT_A_IS_CONSTANT                            ; NO           ; Untyped                                       ;
; INPUT_B_IS_CONSTANT                            ; NO           ; Untyped                                       ;
; USE_EAB                                        ; OFF          ; Untyped                                       ;
; MAXIMIZE_SPEED                                 ; 6            ; Untyped                                       ;
; DEVICE_FAMILY                                  ; Cyclone IV E ; Untyped                                       ;
; CARRY_CHAIN                                    ; MANUAL       ; Untyped                                       ;
; APEX20K_TECHNOLOGY_MAPPER                      ; LUT          ; TECH_MAPPER_APEX20K                           ;
; DEDICATED_MULTIPLIER_CIRCUITRY                 ; AUTO         ; Untyped                                       ;
; DEDICATED_MULTIPLIER_MIN_INPUT_WIDTH_FOR_AUTO  ; 0            ; Untyped                                       ;
; DEDICATED_MULTIPLIER_MIN_OUTPUT_WIDTH_FOR_AUTO ; 0            ; Untyped                                       ;
; CBXI_PARAMETER                                 ; mult_7dt     ; Untyped                                       ;
; INPUT_A_FIXED_VALUE                            ; Bx           ; Untyped                                       ;
; INPUT_B_FIXED_VALUE                            ; Bx           ; Untyped                                       ;
; USE_AHDL_IMPLEMENTATION                        ; OFF          ; Untyped                                       ;
+------------------------------------------------+--------------+-----------------------------------------------+
Note: In order to hide this table in the UI and the text report file, please set the "Show Parameter Settings in Synthesis Report" option in "Analysis and Synthesis Settings -> More Settings" to "Off".


+------------------------------------------------------------------+
; scfifo Parameter Settings by Entity Instance                     ;
+----------------------------+-------------------------------------+
; Name                       ; Value                               ;
+----------------------------+-------------------------------------+
; Number of entity instances ; 1                                   ;
; Entity Instance            ; fifo0:inst3|scfifo:scfifo_component ;
;     -- FIFO Type           ; Single Clock                        ;
;     -- lpm_width           ; 18                                  ;
;     -- LPM_NUMWORDS        ; 16                                  ;
;     -- LPM_SHOWAHEAD       ; OFF                                 ;
;     -- USE_EAB             ; ON                                  ;
+----------------------------+-------------------------------------+


+---------------------------------------------------------------------------------------+
; altsyncram Parameter Settings by Entity Instance                                      ;
+-------------------------------------------+-------------------------------------------+
; Name                                      ; Value                                     ;
+-------------------------------------------+-------------------------------------------+
; Number of entity instances                ; 1                                         ;
; Entity Instance                           ; ROM:inst1|altsyncram:altsyncram_component ;
;     -- OPERATION_MODE                     ; ROM                                       ;
;     -- WIDTH_A                            ; 16                                        ;
;     -- NUMWORDS_A                         ; 256                                       ;
;     -- OUTDATA_REG_A                      ; UNREGISTERED                              ;
;     -- WIDTH_B                            ; 1                                         ;
;     -- NUMWORDS_B                         ; 1                                         ;
;     -- ADDRESS_REG_B                      ; CLOCK1                                    ;
;     -- OUTDATA_REG_B                      ; UNREGISTERED                              ;
;     -- RAM_BLOCK_TYPE                     ; AUTO                                      ;
;     -- READ_DURING_WRITE_MODE_MIXED_PORTS ; DONT_CARE                                 ;
+-------------------------------------------+-------------------------------------------+


+------------------------------------------------------------------------------------------------------+
; lpm_mult Parameter Settings by Entity Instance                                                       ;
+---------------------------------------+--------------------------------------------------------------+
; Name                                  ; Value                                                        ;
+---------------------------------------+--------------------------------------------------------------+
; Number of entity instances            ; 1                                                            ;
; Entity Instance                       ; exponential:inst4|datapath:dP|multiplier:mult|lpm_mult:Mult0 ;
;     -- LPM_WIDTHA                     ; 16                                                           ;
;     -- LPM_WIDTHB                     ; 16                                                           ;
;     -- LPM_WIDTHP                     ; 32                                                           ;
;     -- LPM_REPRESENTATION             ; UNSIGNED                                                     ;
;     -- INPUT_A_IS_CONSTANT            ; NO                                                           ;
;     -- INPUT_B_IS_CONSTANT            ; NO                                                           ;
;     -- USE_EAB                        ; OFF                                                          ;
;     -- DEDICATED_MULTIPLIER_CIRCUITRY ; AUTO                                                         ;
;     -- INPUT_A_FIXED_VALUE            ; Bx                                                           ;
;     -- INPUT_B_FIXED_VALUE            ; Bx                                                           ;
+---------------------------------------+--------------------------------------------------------------+


+---------------------------------------------------------------------+
; Port Connectivity Checks: "exponential:inst4|datapath:dP|adder:add" ;
+-----------+-------+----------+--------------------------------------+
; Port      ; Type  ; Severity ; Details                              ;
+-----------+-------+----------+--------------------------------------+
; b[17..16] ; Input ; Info     ; Stuck at GND                         ;
+-----------+-------+----------+--------------------------------------+


+-------------------------------------------------------------------------+
; Port Connectivity Checks: "exponential:inst4|datapath:dP|counter:count" ;
+------+-------+----------+-----------------------------------------------+
; Port ; Type  ; Severity ; Details                                       ;
+------+-------+----------+-----------------------------------------------+
; in   ; Input ; Info     ; Stuck at GND                                  ;
+------+-------+----------+-----------------------------------------------+


+-----------------------------------------------------+
; Post-Synthesis Netlist Statistics for Top Partition ;
+-----------------------+-----------------------------+
; Type                  ; Count                       ;
+-----------------------+-----------------------------+
; boundary_port         ; 45                          ;
; cycloneiii_ff         ; 80                          ;
;     CLR               ; 11                          ;
;     ENA               ; 12                          ;
;     ENA CLR           ; 37                          ;
;     ENA CLR SCLR      ; 2                           ;
;     ENA CLR SLD       ; 16                          ;
;     plain             ; 2                           ;
; cycloneiii_lcell_comb ; 170                         ;
;     arith             ; 24                          ;
;         2 data inputs ; 6                           ;
;         3 data inputs ; 18                          ;
;     normal            ; 146                         ;
;         0 data inputs ; 1                           ;
;         1 data inputs ; 11                          ;
;         2 data inputs ; 25                          ;
;         3 data inputs ; 62                          ;
;         4 data inputs ; 47                          ;
; cycloneiii_mac_mult   ; 1                           ;
; cycloneiii_mac_out    ; 1                           ;
; cycloneiii_ram_block  ; 32                          ;
;                       ;                             ;
; Max LUT depth         ; 3.00                        ;
; Average LUT depth     ; 1.40                        ;
+-----------------------+-----------------------------+


+-------------------------------+
; Elapsed Time Per Partition    ;
+----------------+--------------+
; Partition Name ; Elapsed Time ;
+----------------+--------------+
; Top            ; 00:00:01     ;
+----------------+--------------+


+-------------------------------+
; Analysis & Synthesis Messages ;
+-------------------------------+
Info: *******************************************************************
Info: Running Quartus Prime Analysis & Synthesis
    Info: Version 20.1.0 Build 711 06/05/2020 SJ Lite Edition
    Info: Processing started: Tue Jun 14 14:51:15 2022
Info: Command: quartus_map --read_settings_files=on --write_settings_files=off ExpWrapped -c ExpWrapped
Warning (18236): Number of processors has not been specified which may cause overloading on shared machines.  Set the global assignment NUM_PARALLEL_PROCESSORS in your QSF to an appropriate value for best performance.
Info (20030): Parallel compilation is enabled and will use 2 of the 2 processors detected
Info (12021): Found 1 design units, including 1 entities, in source file hexdisplay.v
    Info (12023): Found entity 1: Hexdisplay File: D:/modelsim_ase/Projects/Arian Mohammad - DLD_Lab_4/Exp_Wrapper/Hexdisplay.v Line: 8
Info (12021): Found 1 design units, including 1 entities, in source file counter10.v
    Info (12023): Found entity 1: counter10 File: D:/modelsim_ase/Projects/Arian Mohammad - DLD_Lab_4/Exp_Wrapper/counter10.v Line: 1
Info (12021): Found 1 design units, including 1 entities, in source file /modelsim_ase/projects/arian mohammad - dld_lab_4/exp codes/register18.v
    Info (12023): Found entity 1: register18 File: D:/modelsim_ase/Projects/Arian Mohammad - DLD_Lab_4/exp codes/register18.v Line: 2
Info (12021): Found 1 design units, including 1 entities, in source file /modelsim_ase/projects/arian mohammad - dld_lab_4/exp codes/register.v
    Info (12023): Found entity 1: register File: D:/modelsim_ase/Projects/Arian Mohammad - DLD_Lab_4/exp codes/register.v Line: 2
Info (12021): Found 1 design units, including 1 entities, in source file /modelsim_ase/projects/arian mohammad - dld_lab_4/exp codes/mux2to1.v
    Info (12023): Found entity 1: mux2to1 File: D:/modelsim_ase/Projects/Arian Mohammad - DLD_Lab_4/exp codes/mux2to1.v Line: 2
Info (12021): Found 1 design units, including 1 entities, in source file /modelsim_ase/projects/arian mohammad - dld_lab_4/exp codes/multiplier.v
    Info (12023): Found entity 1: multiplier File: D:/modelsim_ase/Projects/Arian Mohammad - DLD_Lab_4/exp codes/multiplier.v Line: 2
Info (12021): Found 1 design units, including 1 entities, in source file /modelsim_ase/projects/arian mohammad - dld_lab_4/exp codes/lutexp.v
    Info (12023): Found entity 1: LUT File: D:/modelsim_ase/Projects/Arian Mohammad - DLD_Lab_4/exp codes/LUTExp.v Line: 1
Info (12021): Found 1 design units, including 1 entities, in source file /modelsim_ase/projects/arian mohammad - dld_lab_4/exp codes/exponential.v
    Info (12023): Found entity 1: exponential File: D:/modelsim_ase/Projects/Arian Mohammad - DLD_Lab_4/exp codes/exponential.v Line: 1
Info (12021): Found 1 design units, including 1 entities, in source file /modelsim_ase/projects/arian mohammad - dld_lab_4/exp codes/exp_tb.v
    Info (12023): Found entity 1: EXP_tb File: D:/modelsim_ase/Projects/Arian Mohammad - DLD_Lab_4/exp codes/EXP_tb.v Line: 2
Info (12021): Found 1 design units, including 1 entities, in source file /modelsim_ase/projects/arian mohammad - dld_lab_4/exp codes/datapath.v
    Info (12023): Found entity 1: datapath File: D:/modelsim_ase/Projects/Arian Mohammad - DLD_Lab_4/exp codes/Datapath.v Line: 1
Info (12021): Found 1 design units, including 1 entities, in source file /modelsim_ase/projects/arian mohammad - dld_lab_4/exp codes/counter.v
    Info (12023): Found entity 1: counter File: D:/modelsim_ase/Projects/Arian Mohammad - DLD_Lab_4/exp codes/Counter.v Line: 2
Info (12021): Found 1 design units, including 1 entities, in source file /modelsim_ase/projects/arian mohammad - dld_lab_4/exp codes/controller.v
    Info (12023): Found entity 1: controller File: D:/modelsim_ase/Projects/Arian Mohammad - DLD_Lab_4/exp codes/Controller.v Line: 1
Info (12021): Found 1 design units, including 1 entities, in source file /modelsim_ase/projects/arian mohammad - dld_lab_4/exp codes/adder.v
    Info (12023): Found entity 1: adder File: D:/modelsim_ase/Projects/Arian Mohammad - DLD_Lab_4/exp codes/adder.v Line: 1
Info (12021): Found 1 design units, including 1 entities, in source file wrapper_cu.v
    Info (12023): Found entity 1: Wrapper_CU File: D:/modelsim_ase/Projects/Arian Mohammad - DLD_Lab_4/Exp_Wrapper/Wrapper_CU.v Line: 1
Info (12021): Found 1 design units, including 1 entities, in source file expwrapped.bdf
    Info (12023): Found entity 1: ExpWrapped
Info (12021): Found 1 design units, including 1 entities, in source file rom.v
    Info (12023): Found entity 1: ROM File: D:/modelsim_ase/Projects/Arian Mohammad - DLD_Lab_4/Exp_Wrapper/ROM.v Line: 40
Info (12021): Found 1 design units, including 1 entities, in source file fifo.v
    Info (12023): Found entity 1: FIFO File: D:/modelsim_ase/Projects/Arian Mohammad - DLD_Lab_4/Exp_Wrapper/FIFO.v Line: 39
Info (12021): Found 1 design units, including 1 entities, in source file fifo0.v
    Info (12023): Found entity 1: fifo0 File: D:/modelsim_ase/Projects/Arian Mohammad - DLD_Lab_4/Exp_Wrapper/fifo0.v Line: 39
Info (12127): Elaborating entity "ExpWrapped" for the top level hierarchy
Info (12128): Elaborating entity "Wrapper_CU" for hierarchy "Wrapper_CU:inst"
Warning (10240): Verilog HDL Always Construct warning at Wrapper_CU.v(23): inferring latch(es) for variable "eng_start", which holds its previous value in one or more paths through the always construct File: D:/modelsim_ase/Projects/Arian Mohammad - DLD_Lab_4/Exp_Wrapper/Wrapper_CU.v Line: 23
Info (10041): Inferred latch for "eng_start" at Wrapper_CU.v(23) File: D:/modelsim_ase/Projects/Arian Mohammad - DLD_Lab_4/Exp_Wrapper/Wrapper_CU.v Line: 23
Info (12128): Elaborating entity "fifo0" for hierarchy "fifo0:inst3"
Info (12128): Elaborating entity "scfifo" for hierarchy "fifo0:inst3|scfifo:scfifo_component" File: D:/modelsim_ase/Projects/Arian Mohammad - DLD_Lab_4/Exp_Wrapper/fifo0.v Line: 83
Info (12130): Elaborated megafunction instantiation "fifo0:inst3|scfifo:scfifo_component" File: D:/modelsim_ase/Projects/Arian Mohammad - DLD_Lab_4/Exp_Wrapper/fifo0.v Line: 83
Info (12133): Instantiated megafunction "fifo0:inst3|scfifo:scfifo_component" with the following parameter: File: D:/modelsim_ase/Projects/Arian Mohammad - DLD_Lab_4/Exp_Wrapper/fifo0.v Line: 83
    Info (12134): Parameter "add_ram_output_register" = "OFF"
    Info (12134): Parameter "intended_device_family" = "Cyclone II"
    Info (12134): Parameter "lpm_numwords" = "16"
    Info (12134): Parameter "lpm_showahead" = "OFF"
    Info (12134): Parameter "lpm_type" = "scfifo"
    Info (12134): Parameter "lpm_width" = "18"
    Info (12134): Parameter "lpm_widthu" = "4"
    Info (12134): Parameter "overflow_checking" = "ON"
    Info (12134): Parameter "underflow_checking" = "ON"
    Info (12134): Parameter "use_eab" = "ON"
Info (12021): Found 1 design units, including 1 entities, in source file db/scfifo_8e41.tdf
    Info (12023): Found entity 1: scfifo_8e41 File: D:/modelsim_ase/Projects/Arian Mohammad - DLD_Lab_4/Exp_Wrapper/db/scfifo_8e41.tdf Line: 25
Info (12128): Elaborating entity "scfifo_8e41" for hierarchy "fifo0:inst3|scfifo:scfifo_component|scfifo_8e41:auto_generated" File: d:/modelsim_ase/quartus/libraries/megafunctions/scfifo.tdf Line: 300
Info (12021): Found 1 design units, including 1 entities, in source file db/a_dpfifo_r541.tdf
    Info (12023): Found entity 1: a_dpfifo_r541 File: D:/modelsim_ase/Projects/Arian Mohammad - DLD_Lab_4/Exp_Wrapper/db/a_dpfifo_r541.tdf Line: 29
Info (12128): Elaborating entity "a_dpfifo_r541" for hierarchy "fifo0:inst3|scfifo:scfifo_component|scfifo_8e41:auto_generated|a_dpfifo_r541:dpfifo" File: D:/modelsim_ase/Projects/Arian Mohammad - DLD_Lab_4/Exp_Wrapper/db/scfifo_8e41.tdf Line: 39
Info (12021): Found 1 design units, including 1 entities, in source file db/a_fefifo_66f.tdf
    Info (12023): Found entity 1: a_fefifo_66f File: D:/modelsim_ase/Projects/Arian Mohammad - DLD_Lab_4/Exp_Wrapper/db/a_fefifo_66f.tdf Line: 25
Info (12128): Elaborating entity "a_fefifo_66f" for hierarchy "fifo0:inst3|scfifo:scfifo_component|scfifo_8e41:auto_generated|a_dpfifo_r541:dpfifo|a_fefifo_66f:fifo_state" File: D:/modelsim_ase/Projects/Arian Mohammad - DLD_Lab_4/Exp_Wrapper/db/a_dpfifo_r541.tdf Line: 43
Info (12021): Found 1 design units, including 1 entities, in source file db/cntr_bo7.tdf
    Info (12023): Found entity 1: cntr_bo7 File: D:/modelsim_ase/Projects/Arian Mohammad - DLD_Lab_4/Exp_Wrapper/db/cntr_bo7.tdf Line: 26
Info (12128): Elaborating entity "cntr_bo7" for hierarchy "fifo0:inst3|scfifo:scfifo_component|scfifo_8e41:auto_generated|a_dpfifo_r541:dpfifo|a_fefifo_66f:fifo_state|cntr_bo7:count_usedw" File: D:/modelsim_ase/Projects/Arian Mohammad - DLD_Lab_4/Exp_Wrapper/db/a_fefifo_66f.tdf Line: 39
Info (12021): Found 1 design units, including 1 entities, in source file db/altsyncram_akm1.tdf
    Info (12023): Found entity 1: altsyncram_akm1 File: D:/modelsim_ase/Projects/Arian Mohammad - DLD_Lab_4/Exp_Wrapper/db/altsyncram_akm1.tdf Line: 28
Info (12128): Elaborating entity "altsyncram_akm1" for hierarchy "fifo0:inst3|scfifo:scfifo_component|scfifo_8e41:auto_generated|a_dpfifo_r541:dpfifo|altsyncram_akm1:FIFOram" File: D:/modelsim_ase/Projects/Arian Mohammad - DLD_Lab_4/Exp_Wrapper/db/a_dpfifo_r541.tdf Line: 44
Info (12021): Found 1 design units, including 1 entities, in source file db/cntr_vnb.tdf
    Info (12023): Found entity 1: cntr_vnb File: D:/modelsim_ase/Projects/Arian Mohammad - DLD_Lab_4/Exp_Wrapper/db/cntr_vnb.tdf Line: 26
Info (12128): Elaborating entity "cntr_vnb" for hierarchy "fifo0:inst3|scfifo:scfifo_component|scfifo_8e41:auto_generated|a_dpfifo_r541:dpfifo|cntr_vnb:rd_ptr_count" File: D:/modelsim_ase/Projects/Arian Mohammad - DLD_Lab_4/Exp_Wrapper/db/a_dpfifo_r541.tdf Line: 45
Info (12128): Elaborating entity "exponential" for hierarchy "exponential:inst4"
Info (12128): Elaborating entity "controller" for hierarchy "exponential:inst4|controller:control" File: D:/modelsim_ase/Projects/Arian Mohammad - DLD_Lab_4/exp codes/exponential.v Line: 7
Info (12128): Elaborating entity "datapath" for hierarchy "exponential:inst4|datapath:dP" File: D:/modelsim_ase/Projects/Arian Mohammad - DLD_Lab_4/exp codes/exponential.v Line: 10
Info (12128): Elaborating entity "register" for hierarchy "exponential:inst4|datapath:dP|register:regx" File: D:/modelsim_ase/Projects/Arian Mohammad - DLD_Lab_4/exp codes/Datapath.v Line: 10
Info (12128): Elaborating entity "counter" for hierarchy "exponential:inst4|datapath:dP|counter:count" File: D:/modelsim_ase/Projects/Arian Mohammad - DLD_Lab_4/exp codes/Datapath.v Line: 12
Info (12128): Elaborating entity "LUT" for hierarchy "exponential:inst4|datapath:dP|LUT:lut" File: D:/modelsim_ase/Projects/Arian Mohammad - DLD_Lab_4/exp codes/Datapath.v Line: 14
Warning (10270): Verilog HDL Case Statement warning at LUTExp.v(4): incomplete case statement has no default case item File: D:/modelsim_ase/Projects/Arian Mohammad - DLD_Lab_4/exp codes/LUTExp.v Line: 4
Warning (10240): Verilog HDL Always Construct warning at LUTExp.v(3): inferring latch(es) for variable "datat", which holds its previous value in one or more paths through the always construct File: D:/modelsim_ase/Projects/Arian Mohammad - DLD_Lab_4/exp codes/LUTExp.v Line: 3
Info (10041): Inferred latch for "datat[0]" at LUTExp.v(3) File: D:/modelsim_ase/Projects/Arian Mohammad - DLD_Lab_4/exp codes/LUTExp.v Line: 3
Info (10041): Inferred latch for "datat[1]" at LUTExp.v(3) File: D:/modelsim_ase/Projects/Arian Mohammad - DLD_Lab_4/exp codes/LUTExp.v Line: 3
Info (10041): Inferred latch for "datat[2]" at LUTExp.v(3) File: D:/modelsim_ase/Projects/Arian Mohammad - DLD_Lab_4/exp codes/LUTExp.v Line: 3
Info (10041): Inferred latch for "datat[3]" at LUTExp.v(3) File: D:/modelsim_ase/Projects/Arian Mohammad - DLD_Lab_4/exp codes/LUTExp.v Line: 3
Info (10041): Inferred latch for "datat[4]" at LUTExp.v(3) File: D:/modelsim_ase/Projects/Arian Mohammad - DLD_Lab_4/exp codes/LUTExp.v Line: 3
Info (10041): Inferred latch for "datat[5]" at LUTExp.v(3) File: D:/modelsim_ase/Projects/Arian Mohammad - DLD_Lab_4/exp codes/LUTExp.v Line: 3
Info (10041): Inferred latch for "datat[6]" at LUTExp.v(3) File: D:/modelsim_ase/Projects/Arian Mohammad - DLD_Lab_4/exp codes/LUTExp.v Line: 3
Info (10041): Inferred latch for "datat[7]" at LUTExp.v(3) File: D:/modelsim_ase/Projects/Arian Mohammad - DLD_Lab_4/exp codes/LUTExp.v Line: 3
Info (10041): Inferred latch for "datat[8]" at LUTExp.v(3) File: D:/modelsim_ase/Projects/Arian Mohammad - DLD_Lab_4/exp codes/LUTExp.v Line: 3
Info (10041): Inferred latch for "datat[9]" at LUTExp.v(3) File: D:/modelsim_ase/Projects/Arian Mohammad - DLD_Lab_4/exp codes/LUTExp.v Line: 3
Info (10041): Inferred latch for "datat[10]" at LUTExp.v(3) File: D:/modelsim_ase/Projects/Arian Mohammad - DLD_Lab_4/exp codes/LUTExp.v Line: 3
Info (10041): Inferred latch for "datat[11]" at LUTExp.v(3) File: D:/modelsim_ase/Projects/Arian Mohammad - DLD_Lab_4/exp codes/LUTExp.v Line: 3
Info (10041): Inferred latch for "datat[12]" at LUTExp.v(3) File: D:/modelsim_ase/Projects/Arian Mohammad - DLD_Lab_4/exp codes/LUTExp.v Line: 3
Info (10041): Inferred latch for "datat[13]" at LUTExp.v(3) File: D:/modelsim_ase/Projects/Arian Mohammad - DLD_Lab_4/exp codes/LUTExp.v Line: 3
Info (10041): Inferred latch for "datat[14]" at LUTExp.v(3) File: D:/modelsim_ase/Projects/Arian Mohammad - DLD_Lab_4/exp codes/LUTExp.v Line: 3
Info (10041): Inferred latch for "datat[15]" at LUTExp.v(3) File: D:/modelsim_ase/Projects/Arian Mohammad - DLD_Lab_4/exp codes/LUTExp.v Line: 3
Info (12128): Elaborating entity "mux2to1" for hierarchy "exponential:inst4|datapath:dP|mux2to1:mux" File: D:/modelsim_ase/Projects/Arian Mohammad - DLD_Lab_4/exp codes/Datapath.v Line: 16
Info (12128): Elaborating entity "multiplier" for hierarchy "exponential:inst4|datapath:dP|multiplier:mult" File: D:/modelsim_ase/Projects/Arian Mohammad - DLD_Lab_4/exp codes/Datapath.v Line: 18
Info (12128): Elaborating entity "adder" for hierarchy "exponential:inst4|datapath:dP|adder:add" File: D:/modelsim_ase/Projects/Arian Mohammad - DLD_Lab_4/exp codes/Datapath.v Line: 21
Info (12128): Elaborating entity "register18" for hierarchy "exponential:inst4|datapath:dP|register18:rres" File: D:/modelsim_ase/Projects/Arian Mohammad - DLD_Lab_4/exp codes/Datapath.v Line: 23
Info (12128): Elaborating entity "ROM" for hierarchy "ROM:inst1"
Info (12128): Elaborating entity "altsyncram" for hierarchy "ROM:inst1|altsyncram:altsyncram_component" File: D:/modelsim_ase/Projects/Arian Mohammad - DLD_Lab_4/Exp_Wrapper/ROM.v Line: 82
Info (12130): Elaborated megafunction instantiation "ROM:inst1|altsyncram:altsyncram_component" File: D:/modelsim_ase/Projects/Arian Mohammad - DLD_Lab_4/Exp_Wrapper/ROM.v Line: 82
Info (12133): Instantiated megafunction "ROM:inst1|altsyncram:altsyncram_component" with the following parameter: File: D:/modelsim_ase/Projects/Arian Mohammad - DLD_Lab_4/Exp_Wrapper/ROM.v Line: 82
    Info (12134): Parameter "clock_enable_input_a" = "BYPASS"
    Info (12134): Parameter "clock_enable_output_a" = "BYPASS"
    Info (12134): Parameter "init_file" = "inputs_of_exp_accelerator.txt"
    Info (12134): Parameter "intended_device_family" = "Cyclone II"
    Info (12134): Parameter "lpm_hint" = "ENABLE_RUNTIME_MOD=NO"
    Info (12134): Parameter "lpm_type" = "altsyncram"
    Info (12134): Parameter "numwords_a" = "256"
    Info (12134): Parameter "operation_mode" = "ROM"
    Info (12134): Parameter "outdata_aclr_a" = "NONE"
    Info (12134): Parameter "outdata_reg_a" = "UNREGISTERED"
    Info (12134): Parameter "widthad_a" = "8"
    Info (12134): Parameter "width_a" = "16"
    Info (12134): Parameter "width_byteena_a" = "1"
Info (12021): Found 1 design units, including 1 entities, in source file db/altsyncram_n0a1.tdf
    Info (12023): Found entity 1: altsyncram_n0a1 File: D:/modelsim_ase/Projects/Arian Mohammad - DLD_Lab_4/Exp_Wrapper/db/altsyncram_n0a1.tdf Line: 28
Info (12128): Elaborating entity "altsyncram_n0a1" for hierarchy "ROM:inst1|altsyncram:altsyncram_component|altsyncram_n0a1:auto_generated" File: d:/modelsim_ase/quartus/libraries/megafunctions/altsyncram.tdf Line: 792
Info (12128): Elaborating entity "counter10" for hierarchy "counter10:inst2"
Warning (10230): Verilog HDL assignment warning at counter10.v(6): truncated value with size 32 to match size of target (4) File: D:/modelsim_ase/Projects/Arian Mohammad - DLD_Lab_4/Exp_Wrapper/counter10.v Line: 6
Warning (10230): Verilog HDL assignment warning at counter10.v(11): truncated value with size 32 to match size of target (1) File: D:/modelsim_ase/Projects/Arian Mohammad - DLD_Lab_4/Exp_Wrapper/counter10.v Line: 11
Info (12128): Elaborating entity "Hexdisplay" for hierarchy "Hexdisplay:DSP1"
Warning (14284): Synthesized away the following node(s):
    Warning (14285): Synthesized away the following RAM node(s):
        Warning (14320): Synthesized away node "fifo0:inst3|scfifo:scfifo_component|scfifo_8e41:auto_generated|a_dpfifo_r541:dpfifo|altsyncram_akm1:FIFOram|q_b[16]" File: D:/modelsim_ase/Projects/Arian Mohammad - DLD_Lab_4/Exp_Wrapper/db/altsyncram_akm1.tdf Line: 520
        Warning (14320): Synthesized away node "fifo0:inst3|scfifo:scfifo_component|scfifo_8e41:auto_generated|a_dpfifo_r541:dpfifo|altsyncram_akm1:FIFOram|q_b[17]" File: D:/modelsim_ase/Projects/Arian Mohammad - DLD_Lab_4/Exp_Wrapper/db/altsyncram_akm1.tdf Line: 550
Info (278001): Inferred 1 megafunctions from design logic
    Info (278003): Inferred multiplier megafunction ("lpm_mult") from the following logic: "exponential:inst4|datapath:dP|multiplier:mult|Mult0" File: D:/modelsim_ase/Projects/Arian Mohammad - DLD_Lab_4/exp codes/multiplier.v Line: 4
Info (12130): Elaborated megafunction instantiation "exponential:inst4|datapath:dP|multiplier:mult|lpm_mult:Mult0" File: D:/modelsim_ase/Projects/Arian Mohammad - DLD_Lab_4/exp codes/multiplier.v Line: 4
Info (12133): Instantiated megafunction "exponential:inst4|datapath:dP|multiplier:mult|lpm_mult:Mult0" with the following parameter: File: D:/modelsim_ase/Projects/Arian Mohammad - DLD_Lab_4/exp codes/multiplier.v Line: 4
    Info (12134): Parameter "LPM_WIDTHA" = "16"
    Info (12134): Parameter "LPM_WIDTHB" = "16"
    Info (12134): Parameter "LPM_WIDTHP" = "32"
    Info (12134): Parameter "LPM_WIDTHR" = "32"
    Info (12134): Parameter "LPM_WIDTHS" = "1"
    Info (12134): Parameter "LPM_REPRESENTATION" = "UNSIGNED"
    Info (12134): Parameter "INPUT_A_IS_CONSTANT" = "NO"
    Info (12134): Parameter "INPUT_B_IS_CONSTANT" = "NO"
    Info (12134): Parameter "MAXIMIZE_SPEED" = "6"
Info (12021): Found 1 design units, including 1 entities, in source file db/mult_7dt.tdf
    Info (12023): Found entity 1: mult_7dt File: D:/modelsim_ase/Projects/Arian Mohammad - DLD_Lab_4/Exp_Wrapper/db/mult_7dt.tdf Line: 29
Info (13025): Duplicate LATCH primitives merged into single LATCH primitive
    Info (13026): Duplicate LATCH primitive "exponential:inst4|datapath:dP|LUT:lut|datat[12]" merged with LATCH primitive "exponential:inst4|datapath:dP|LUT:lut|datat[0]" File: D:/modelsim_ase/Projects/Arian Mohammad - DLD_Lab_4/exp codes/LUTExp.v Line: 3
    Info (13026): Duplicate LATCH primitive "exponential:inst4|datapath:dP|LUT:lut|datat[8]" merged with LATCH primitive "exponential:inst4|datapath:dP|LUT:lut|datat[0]" File: D:/modelsim_ase/Projects/Arian Mohammad - DLD_Lab_4/exp codes/LUTExp.v Line: 3
    Info (13026): Duplicate LATCH primitive "exponential:inst4|datapath:dP|LUT:lut|datat[6]" merged with LATCH primitive "exponential:inst4|datapath:dP|LUT:lut|datat[2]" File: D:/modelsim_ase/Projects/Arian Mohammad - DLD_Lab_4/exp codes/LUTExp.v Line: 3
    Info (13026): Duplicate LATCH primitive "exponential:inst4|datapath:dP|LUT:lut|datat[11]" merged with LATCH primitive "exponential:inst4|datapath:dP|LUT:lut|datat[3]" File: D:/modelsim_ase/Projects/Arian Mohammad - DLD_Lab_4/exp codes/LUTExp.v Line: 3
    Info (13026): Duplicate LATCH primitive "exponential:inst4|datapath:dP|LUT:lut|datat[9]" merged with LATCH primitive "exponential:inst4|datapath:dP|LUT:lut|datat[5]" File: D:/modelsim_ase/Projects/Arian Mohammad - DLD_Lab_4/exp codes/LUTExp.v Line: 3
Info (13000): Registers with preset signals will power-up high File: D:/modelsim_ase/Projects/Arian Mohammad - DLD_Lab_4/Exp_Wrapper/Wrapper_CU.v Line: 37
Info (13003): DEV_CLRn pin will set, and not reset, register with preset signal due to NOT Gate Push-Back
Warning (13024): Output pins are stuck at VCC or GND
    Warning (13410): Pin "count[7]" is stuck at GND
    Warning (13410): Pin "count[6]" is stuck at GND
    Warning (13410): Pin "count[5]" is stuck at GND
    Warning (13410): Pin "count[4]" is stuck at GND
Info (286030): Timing-Driven Synthesis is running
Info (17049): 5 registers lost all their fanouts during netlist optimizations.
Info (17036): Removed 4 MSB VCC or GND address nodes from RAM block "ROM:inst1|altsyncram:altsyncram_component|altsyncram_n0a1:auto_generated|ALTSYNCRAM" File: D:/modelsim_ase/Projects/Arian Mohammad - DLD_Lab_4/Exp_Wrapper/db/altsyncram_n0a1.tdf Line: 32
Info (144001): Generated suppressed messages file D:/modelsim_ase/Projects/Arian Mohammad - DLD_Lab_4/Exp_Wrapper/output_files/ExpWrapped.map.smsg
Info (16010): Generating hard_block partition "hard_block:auto_generated_inst"
    Info (16011): Adding 0 node(s), including 0 DDIO, 0 PLL, 0 transceiver and 0 LCELL
Info (21057): Implemented 246 device resources after synthesis - the final resource count might be different
    Info (21058): Implemented 4 input pins
    Info (21059): Implemented 41 output pins
    Info (21061): Implemented 167 logic cells
    Info (21064): Implemented 32 RAM segments
    Info (21062): Implemented 2 DSP elements
Info: Quartus Prime Analysis & Synthesis was successful. 0 errors, 15 warnings
    Info: Peak virtual memory: 611 megabytes
    Info: Processing ended: Tue Jun 14 14:51:34 2022
    Info: Elapsed time: 00:00:19
    Info: Total CPU time (on all processors): 00:00:39


+------------------------------------------+
; Analysis & Synthesis Suppressed Messages ;
+------------------------------------------+
The suppressed messages can be found in D:/modelsim_ase/Projects/Arian Mohammad - DLD_Lab_4/Exp_Wrapper/output_files/ExpWrapped.map.smsg.


